<?xml version="1.0" encoding="UTF-8"?>
<coverage generated="1556283748887" clover="3.2.0">
  <project timestamp="1556283748887" name="All files">
    <metrics statements="295" coveredstatements="202" conditionals="70" coveredconditionals="51" methods="110" coveredmethods="65" elements="475" coveredelements="318" complexity="0" loc="295" ncloc="295" packages="6" files="9" classes="9"/>
    <package name="catalogue-antivirus">
      <metrics statements="3" coveredstatements="3" conditionals="4" coveredconditionals="2" methods="0" coveredmethods="0"/>
      <file name="index.js" path="/home/adam/github/nhsd/NHSBuyingCatalogue/beta-private/frontend/lib/catalogue-antivirus/index.js">
        <metrics statements="3" coveredstatements="3" conditionals="4" coveredconditionals="2" methods="0" coveredmethods="0"/>
        <line num="2" count="1" type="stmt"/>
        <line num="3" count="1" type="stmt"/>
        <line num="5" count="1" type="stmt"/>
      </file>
    </package>
    <package name="catalogue-antivirus.providers">
      <metrics statements="17" coveredstatements="17" conditionals="6" coveredconditionals="6" methods="8" coveredmethods="7"/>
      <file name="AntivirusProvider.js" path="/home/adam/github/nhsd/NHSBuyingCatalogue/beta-private/frontend/lib/catalogue-antivirus/providers/AntivirusProvider.js">
        <metrics statements="1" coveredstatements="1" conditionals="0" coveredconditionals="0" methods="1" coveredmethods="0"/>
        <line num="6" count="3" type="stmt"/>
      </file>
      <file name="ClamAVProvider.js" path="/home/adam/github/nhsd/NHSBuyingCatalogue/beta-private/frontend/lib/catalogue-antivirus/providers/ClamAVProvider.js">
        <metrics statements="10" coveredstatements="10" conditionals="6" coveredconditionals="6" methods="4" coveredmethods="4"/>
        <line num="1" count="2" type="stmt"/>
        <line num="5" count="6" type="stmt"/>
        <line num="6" count="6" type="cond" truecount="2" falsecount="0"/>
        <line num="7" count="6" type="stmt"/>
        <line num="11" count="4" type="stmt"/>
        <line num="12" count="4" type="stmt"/>
        <line num="13" count="4" type="cond" truecount="2" falsecount="0"/>
        <line num="14" count="3" type="cond" truecount="2" falsecount="0"/>
        <line num="15" count="2" type="stmt"/>
        <line num="21" count="2" type="stmt"/>
      </file>
      <file name="DisabledAVProvider.js" path="/home/adam/github/nhsd/NHSBuyingCatalogue/beta-private/frontend/lib/catalogue-antivirus/providers/DisabledAVProvider.js">
        <metrics statements="6" coveredstatements="6" conditionals="0" coveredconditionals="0" methods="3" coveredmethods="3"/>
        <line num="1" count="2" type="stmt"/>
        <line num="5" count="2" type="stmt"/>
        <line num="6" count="2" type="stmt"/>
        <line num="10" count="1" type="stmt"/>
        <line num="11" count="1" type="stmt"/>
        <line num="16" count="2" type="stmt"/>
      </file>
    </package>
    <package name="catalogue-data">
      <metrics statements="134" coveredstatements="95" conditionals="31" coveredconditionals="28" methods="49" coveredmethods="32"/>
      <file name="index.js" path="/home/adam/github/nhsd/NHSBuyingCatalogue/beta-private/frontend/lib/catalogue-data/index.js">
        <metrics statements="134" coveredstatements="95" conditionals="31" coveredconditionals="28" methods="49" coveredmethods="32"/>
        <line num="1" count="6" type="stmt"/>
        <line num="3" count="6" type="stmt"/>
        <line num="13" count="6" type="stmt"/>
        <line num="25" count="6" type="stmt"/>
        <line num="28" count="6" type="stmt"/>
        <line num="29" count="6" type="cond" truecount="1" falsecount="1"/>
        <line num="34" count="6" type="stmt"/>
        <line num="41" count="6" type="stmt"/>
        <line num="42" count="6" type="stmt"/>
        <line num="49" count="6" type="stmt"/>
        <line num="55" count="12" type="stmt"/>
        <line num="62" count="22" type="stmt"/>
        <line num="63" count="22" type="stmt"/>
        <line num="64" count="22" type="stmt"/>
        <line num="65" count="22" type="stmt"/>
        <line num="66" count="22" type="stmt"/>
        <line num="67" count="22" type="stmt"/>
        <line num="68" count="22" type="stmt"/>
        <line num="70" count="22" type="stmt"/>
        <line num="71" count="22" type="stmt"/>
        <line num="72" count="22" type="stmt"/>
        <line num="73" count="22" type="stmt"/>
        <line num="74" count="22" type="stmt"/>
        <line num="75" count="22" type="stmt"/>
        <line num="76" count="22" type="stmt"/>
        <line num="80" count="0" type="stmt"/>
        <line num="84" count="4" type="stmt"/>
        <line num="85" count="4" type="cond" truecount="2" falsecount="0"/>
        <line num="87" count="3" type="stmt"/>
        <line num="88" count="3" type="cond" truecount="2" falsecount="0"/>
        <line num="91" count="2" type="stmt"/>
        <line num="93" count="2" type="stmt"/>
        <line num="97" count="1" type="stmt"/>
        <line num="98" count="1" type="stmt"/>
        <line num="102" count="4" type="stmt"/>
        <line num="107" count="18" type="cond" truecount="1" falsecount="0"/>
        <line num="108" count="27" type="stmt"/>
        <line num="109" count="27" type="stmt"/>
        <line num="111" count="27" type="stmt"/>
        <line num="117" count="4" type="stmt"/>
        <line num="119" count="4" type="cond" truecount="2" falsecount="0"/>
        <line num="121" count="4" type="stmt"/>
        <line num="125" count="4" type="stmt"/>
        <line num="129" count="4" type="stmt"/>
        <line num="136" count="0" type="stmt"/>
        <line num="147" count="0" type="stmt"/>
        <line num="148" count="0" type="stmt"/>
        <line num="152" count="6" type="stmt"/>
        <line num="154" count="6" type="stmt"/>
        <line num="160" count="12" type="cond" truecount="2" falsecount="0"/>
        <line num="167" count="4" type="stmt"/>
        <line num="170" count="4" type="stmt"/>
        <line num="171" count="4" type="stmt"/>
        <line num="174" count="4" type="stmt"/>
        <line num="175" count="5" type="cond" truecount="2" falsecount="0"/>
        <line num="179" count="4" type="stmt"/>
        <line num="183" count="4" type="stmt"/>
        <line num="184" count="6" type="stmt"/>
        <line num="185" count="6" type="cond" truecount="2" falsecount="0"/>
        <line num="186" count="1" type="stmt"/>
        <line num="193" count="4" type="stmt"/>
        <line num="194" count="8" type="stmt"/>
        <line num="196" count="4" type="stmt"/>
        <line num="197" count="8" type="stmt"/>
        <line num="199" count="4" type="stmt"/>
        <line num="200" count="8" type="stmt"/>
        <line num="202" count="4" type="stmt"/>
        <line num="203" count="8" type="stmt"/>
        <line num="206" count="4" type="stmt"/>
        <line num="207" count="4" type="stmt"/>
        <line num="216" count="7" type="stmt"/>
        <line num="220" count="7" type="stmt"/>
        <line num="221" count="14" type="cond" truecount="2" falsecount="0"/>
        <line num="222" count="10" type="cond" truecount="2" falsecount="0"/>
        <line num="226" count="1" type="stmt"/>
        <line num="230" count="1" type="stmt"/>
        <line num="232" count="1" type="stmt"/>
        <line num="233" count="50" type="stmt"/>
        <line num="236" count="1" type="stmt"/>
        <line num="239" count="18" type="stmt"/>
        <line num="240" count="228" type="cond" truecount="2" falsecount="0"/>
        <line num="241" count="228" type="stmt"/>
        <line num="243" count="18" type="stmt"/>
        <line num="248" count="228" type="stmt"/>
        <line num="251" count="43" type="stmt"/>
        <line num="262" count="0" type="stmt"/>
        <line num="263" count="0" type="stmt"/>
        <line num="265" count="0" type="stmt"/>
        <line num="272" count="0" type="cond" truecount="0" falsecount="2"/>
        <line num="276" count="0" type="stmt"/>
        <line num="277" count="0" type="stmt"/>
        <line num="278" count="0" type="stmt"/>
        <line num="280" count="0" type="stmt"/>
        <line num="284" count="0" type="stmt"/>
        <line num="285" count="0" type="stmt"/>
        <line num="288" count="0" type="stmt"/>
        <line num="292" count="0" type="stmt"/>
        <line num="296" count="1" type="stmt"/>
        <line num="298" count="1" type="stmt"/>
        <line num="299" count="1" type="stmt"/>
        <line num="300" count="1" type="stmt"/>
        <line num="302" count="1" type="stmt"/>
        <line num="303" count="1" type="stmt"/>
        <line num="306" count="1" type="stmt"/>
        <line num="307" count="6" type="cond" truecount="2" falsecount="0"/>
        <line num="309" count="6" type="stmt"/>
        <line num="316" count="1" type="stmt"/>
        <line num="320" count="0" type="stmt"/>
        <line num="322" count="0" type="stmt"/>
        <line num="323" count="0" type="stmt"/>
        <line num="325" count="0" type="stmt"/>
        <line num="326" count="0" type="stmt"/>
        <line num="328" count="0" type="stmt"/>
        <line num="329" count="0" type="stmt"/>
        <line num="333" count="0" type="stmt"/>
        <line num="334" count="0" type="stmt"/>
        <line num="335" count="0" type="stmt"/>
        <line num="336" count="0" type="stmt"/>
        <line num="340" count="0" type="stmt"/>
        <line num="343" count="0" type="stmt"/>
        <line num="346" count="0" type="stmt"/>
        <line num="347" count="0" type="stmt"/>
        <line num="349" count="0" type="stmt"/>
        <line num="350" count="0" type="stmt"/>
        <line num="351" count="0" type="stmt"/>
        <line num="353" count="0" type="stmt"/>
        <line num="362" count="0" type="stmt"/>
        <line num="366" count="0" type="stmt"/>
        <line num="370" count="0" type="stmt"/>
        <line num="378" count="6" type="stmt"/>
        <line num="379" count="6" type="cond" truecount="2" falsecount="0"/>
        <line num="380" count="6" type="stmt"/>
        <line num="388" count="0" type="stmt"/>
        <line num="392" count="6" type="stmt"/>
      </file>
    </package>
    <package name="catalogue-data.tests">
      <metrics statements="18" coveredstatements="18" conditionals="0" coveredconditionals="0" methods="8" coveredmethods="7"/>
      <file name="fixtures.js" path="/home/adam/github/nhsd/NHSBuyingCatalogue/beta-private/frontend/lib/catalogue-data/tests/fixtures.js">
        <metrics statements="18" coveredstatements="18" conditionals="0" coveredconditionals="0" methods="8" coveredmethods="7"/>
        <line num="3" count="6" type="stmt"/>
        <line num="5" count="6" type="stmt"/>
        <line num="11" count="16" type="stmt"/>
        <line num="12" count="16" type="stmt"/>
        <line num="13" count="16" type="stmt"/>
        <line num="17" count="16" type="stmt"/>
        <line num="18" count="16" type="stmt"/>
        <line num="22" count="16" type="stmt"/>
        <line num="23" count="16" type="stmt"/>
        <line num="27" count="16" type="stmt"/>
        <line num="28" count="16" type="stmt"/>
        <line num="29" count="16" type="stmt"/>
        <line num="30" count="16" type="stmt"/>
        <line num="34" count="16" type="stmt"/>
        <line num="35" count="16" type="stmt"/>
        <line num="39" count="16" type="stmt"/>
        <line num="40" count="16" type="stmt"/>
        <line num="43" count="16" type="stmt"/>
      </file>
    </package>
    <package name="catalogue-sharepoint">
      <metrics statements="3" coveredstatements="3" conditionals="2" coveredconditionals="1" methods="0" coveredmethods="0"/>
      <file name="index.js" path="/home/adam/github/nhsd/NHSBuyingCatalogue/beta-private/frontend/lib/catalogue-sharepoint/index.js">
        <metrics statements="3" coveredstatements="3" conditionals="2" coveredconditionals="1" methods="0" coveredmethods="0"/>
        <line num="2" count="1" type="stmt"/>
        <line num="3" count="1" type="stmt"/>
        <line num="5" count="1" type="stmt"/>
      </file>
    </package>
    <package name="catalogue-sharepoint.providers">
      <metrics statements="120" coveredstatements="66" conditionals="27" coveredconditionals="14" methods="45" coveredmethods="19"/>
      <file name="RealSharePointProvider.js" path="/home/adam/github/nhsd/NHSBuyingCatalogue/beta-private/frontend/lib/catalogue-sharepoint/providers/RealSharePointProvider.js">
        <metrics statements="5" coveredstatements="4" conditionals="2" coveredconditionals="2" methods="2" coveredmethods="1"/>
        <line num="1" count="1" type="stmt"/>
        <line num="6" count="1" type="stmt"/>
        <line num="7" count="1" type="cond" truecount="2" falsecount="0"/>
        <line num="12" count="0" type="stmt"/>
        <line num="16" count="1" type="stmt"/>
      </file>
      <file name="SharePointProvider.js" path="/home/adam/github/nhsd/NHSBuyingCatalogue/beta-private/frontend/lib/catalogue-sharepoint/providers/SharePointProvider.js">
        <metrics statements="115" coveredstatements="62" conditionals="25" coveredconditionals="12" methods="43" coveredmethods="18"/>
        <line num="1" count="1" type="stmt"/>
        <line num="2" count="1" type="stmt"/>
        <line num="3" count="1" type="stmt"/>
        <line num="4" count="1" type="stmt"/>
        <line num="5" count="1" type="stmt"/>
        <line num="6" count="1" type="cond" truecount="2" falsecount="0"/>
        <line num="8" count="1" type="stmt"/>
        <line num="9" count="1" type="stmt"/>
        <line num="11" count="1" type="stmt"/>
        <line num="13" count="1" type="stmt"/>
        <line num="17" count="2" type="stmt"/>
        <line num="18" count="2" type="stmt"/>
        <line num="19" count="2" type="stmt"/>
        <line num="20" count="2" type="cond" truecount="2" falsecount="0"/>
        <line num="21" count="2" type="stmt"/>
        <line num="22" count="2" type="stmt"/>
        <line num="24" count="2" type="cond" truecount="2" falsecount="0"/>
        <line num="26" count="2" type="stmt"/>
        <line num="27" count="2" type="stmt"/>
        <line num="28" count="2" type="stmt"/>
        <line num="33" count="5" type="stmt"/>
        <line num="37" count="1" type="stmt"/>
        <line num="41" count="1" type="stmt"/>
        <line num="45" count="1" type="stmt"/>
        <line num="49" count="0" type="stmt"/>
        <line num="54" count="0" type="stmt"/>
        <line num="61" count="0" type="stmt"/>
        <line num="65" count="0" type="stmt"/>
        <line num="70" count="0" type="stmt"/>
        <line num="71" count="0" type="stmt"/>
        <line num="72" count="0" type="stmt"/>
        <line num="75" count="0" type="stmt"/>
        <line num="79" count="0" type="stmt"/>
        <line num="80" count="0" type="stmt"/>
        <line num="81" count="0" type="stmt"/>
        <line num="89" count="0" type="stmt"/>
        <line num="90" count="0" type="stmt"/>
        <line num="91" count="0" type="stmt"/>
        <line num="99" count="3" type="stmt"/>
        <line num="100" count="3" type="stmt"/>
        <line num="101" count="3" type="stmt"/>
        <line num="105" count="0" type="stmt"/>
        <line num="110" count="0" type="stmt"/>
        <line num="117" count="0" type="stmt"/>
        <line num="122" count="0" type="stmt"/>
        <line num="127" count="0" type="stmt"/>
        <line num="128" count="0" type="stmt"/>
        <line num="129" count="0" type="stmt"/>
        <line num="132" count="0" type="stmt"/>
        <line num="136" count="0" type="stmt"/>
        <line num="137" count="0" type="stmt"/>
        <line num="138" count="0" type="stmt"/>
        <line num="146" count="0" type="stmt"/>
        <line num="147" count="0" type="stmt"/>
        <line num="148" count="0" type="stmt"/>
        <line num="156" count="3" type="stmt"/>
        <line num="157" count="3" type="stmt"/>
        <line num="158" count="3" type="stmt"/>
        <line num="162" count="0" type="stmt"/>
        <line num="163" count="0" type="stmt"/>
        <line num="165" count="0" type="stmt"/>
        <line num="169" count="4" type="stmt"/>
        <line num="170" count="4" type="stmt"/>
        <line num="172" count="4" type="stmt"/>
        <line num="176" count="0" type="stmt"/>
        <line num="177" count="0" type="stmt"/>
        <line num="179" count="0" type="stmt"/>
        <line num="180" count="0" type="stmt"/>
        <line num="181" count="0" type="cond" truecount="0" falsecount="2"/>
        <line num="182" count="0" type="stmt"/>
        <line num="188" count="9" type="stmt"/>
        <line num="191" count="9" type="stmt"/>
        <line num="192" count="9" type="stmt"/>
        <line num="194" count="8" type="stmt"/>
        <line num="195" count="8" type="stmt"/>
        <line num="197" count="8" type="cond" truecount="1" falsecount="1"/>
        <line num="198" count="0" type="stmt"/>
        <line num="201" count="8" type="stmt"/>
        <line num="203" count="7" type="cond" truecount="1" falsecount="1"/>
        <line num="204" count="0" type="stmt"/>
        <line num="205" count="0" type="stmt"/>
        <line num="207" count="7" type="stmt"/>
        <line num="208" count="7" type="stmt"/>
        <line num="209" count="6" type="stmt"/>
        <line num="210" count="5" type="stmt"/>
        <line num="212" count="3" type="stmt"/>
        <line num="213" count="2" type="stmt"/>
        <line num="218" count="8" type="stmt"/>
        <line num="219" count="7" type="stmt"/>
        <line num="223" count="4" type="stmt"/>
        <line num="224" count="4" type="stmt"/>
        <line num="225" count="4" type="stmt"/>
        <line num="226" count="2" type="cond" truecount="2" falsecount="0"/>
        <line num="227" count="2" type="stmt"/>
        <line num="233" count="4" type="stmt"/>
        <line num="234" count="2" type="stmt"/>
        <line num="238" count="4" type="stmt"/>
        <line num="240" count="4" type="stmt"/>
        <line num="241" count="4" type="stmt"/>
        <line num="242" count="2" type="cond" truecount="2" falsecount="0"/>
        <line num="243" count="1" type="stmt"/>
        <line num="249" count="0" type="cond" truecount="0" falsecount="3"/>
        <line num="250" count="0" type="stmt"/>
        <line num="267" count="0" type="stmt"/>
        <line num="268" count="0" type="stmt"/>
        <line num="269" count="0" type="stmt"/>
        <line num="276" count="0" type="stmt"/>
        <line num="293" count="0" type="stmt"/>
        <line num="294" count="0" type="stmt"/>
        <line num="295" count="0" type="stmt"/>
        <line num="302" count="0" type="stmt"/>
        <line num="318" count="0" type="stmt"/>
        <line num="319" count="0" type="stmt"/>
        <line num="321" count="0" type="stmt"/>
        <line num="347" count="1" type="stmt"/>
      </file>
    </package>
  </project>
</coverage>
