{"/home/adam/github/nhsd/NHSBuyingCatalogue/beta-private/frontend/lib/catalogue-antivirus/index.js": {"path":"/home/adam/github/nhsd/NHSBuyingCatalogue/beta-private/frontend/lib/catalogue-antivirus/index.js","statementMap":{"0":{"start":{"line":2,"column":23},"end":{"line":2,"column":60}},"1":{"start":{"line":3,"column":27},"end":{"line":3,"column":68}},"2":{"start":{"line":5,"column":0},"end":{"line":11,"column":1}}},"fnMap":{},"branchMap":{"0":{"loc":{"start":{"line":7,"column":4},"end":{"line":9,"column":30}},"type":"cond-expr","locations":[{"start":{"line":7,"column":56},"end":{"line":7,"column":80}},{"start":{"line":8,"column":8},"end":{"line":9,"column":30}}],"line":7},"1":{"loc":{"start":{"line":8,"column":8},"end":{"line":9,"column":30}},"type":"cond-expr","locations":[{"start":{"line":8,"column":58},"end":{"line":8,"column":78}},{"start":{"line":9,"column":10},"end":{"line":9,"column":30}}],"line":8}},"s":{"0":1,"1":1,"2":1},"f":{},"b":{"0":[0,1],"1":[0,1]},"_coverageSchema":"43e27e138ebf9cfc5966b082cf9a028302ed4184","hash":"0eefc534474ad29f4ad9007b9094721f5956e486"}
,"/home/adam/github/nhsd/NHSBuyingCatalogue/beta-private/frontend/lib/catalogue-antivirus/providers/AntivirusProvider.js": {"path":"/home/adam/github/nhsd/NHSBuyingCatalogue/beta-private/frontend/lib/catalogue-antivirus/providers/AntivirusProvider.js","statementMap":{"0":{"start":{"line":6,"column":0},"end":{"line":6,"column":34}}},"fnMap":{"0":{"name":"(anonymous_0)","decl":{"start":{"line":3,"column":2},"end":{"line":3,"column":3}},"loc":{"start":{"line":3,"column":24},"end":{"line":3,"column":27}},"line":3}},"branchMap":{},"s":{"0":3},"f":{"0":0},"b":{},"_coverageSchema":"43e27e138ebf9cfc5966b082cf9a028302ed4184","hash":"51efaaf0e1e28e81c254b21e6f23e646d0da1678"}
,"/home/adam/github/nhsd/NHSBuyingCatalogue/beta-private/frontend/lib/catalogue-antivirus/providers/ClamAVProvider.js": {"path":"/home/adam/github/nhsd/NHSBuyingCatalogue/beta-private/frontend/lib/catalogue-antivirus/providers/ClamAVProvider.js","statementMap":{"0":{"start":{"line":1,"column":26},"end":{"line":1,"column":56}},"1":{"start":{"line":5,"column":4},"end":{"line":5,"column":11}},"2":{"start":{"line":6,"column":4},"end":{"line":6,"column":48}},"3":{"start":{"line":7,"column":4},"end":{"line":7,"column":42}},"4":{"start":{"line":11,"column":4},"end":{"line":17,"column":6}},"5":{"start":{"line":12,"column":6},"end":{"line":16,"column":8}},"6":{"start":{"line":13,"column":8},"end":{"line":15,"column":29}},"7":{"start":{"line":13,"column":17},"end":{"line":13,"column":35}},"8":{"start":{"line":14,"column":13},"end":{"line":15,"column":29}},"9":{"start":{"line":14,"column":28},"end":{"line":14,"column":53}},"10":{"start":{"line":15,"column":13},"end":{"line":15,"column":29}},"11":{"start":{"line":21,"column":0},"end":{"line":21,"column":31}}},"fnMap":{"0":{"name":"(anonymous_0)","decl":{"start":{"line":4,"column":2},"end":{"line":4,"column":3}},"loc":{"start":{"line":4,"column":23},"end":{"line":8,"column":3}},"line":4},"1":{"name":"(anonymous_1)","decl":{"start":{"line":10,"column":2},"end":{"line":10,"column":3}},"loc":{"start":{"line":10,"column":24},"end":{"line":18,"column":3}},"line":10},"2":{"name":"(anonymous_2)","decl":{"start":{"line":11,"column":23},"end":{"line":11,"column":24}},"loc":{"start":{"line":11,"column":44},"end":{"line":17,"column":5}},"line":11},"3":{"name":"(anonymous_3)","decl":{"start":{"line":12,"column":65},"end":{"line":12,"column":66}},"loc":{"start":{"line":12,"column":93},"end":{"line":16,"column":7}},"line":12}},"branchMap":{"0":{"loc":{"start":{"line":6,"column":18},"end":{"line":6,"column":48}},"type":"binary-expr","locations":[{"start":{"line":6,"column":18},"end":{"line":6,"column":24}},{"start":{"line":6,"column":28},"end":{"line":6,"column":48}}],"line":6},"1":{"loc":{"start":{"line":13,"column":8},"end":{"line":15,"column":29}},"type":"if","locations":[{"start":{"line":13,"column":8},"end":{"line":15,"column":29}},{"start":{"line":13,"column":8},"end":{"line":15,"column":29}}],"line":13},"2":{"loc":{"start":{"line":14,"column":13},"end":{"line":15,"column":29}},"type":"if","locations":[{"start":{"line":14,"column":13},"end":{"line":15,"column":29}},{"start":{"line":14,"column":13},"end":{"line":15,"column":29}}],"line":14}},"s":{"0":2,"1":6,"2":6,"3":6,"4":4,"5":4,"6":4,"7":1,"8":3,"9":1,"10":2,"11":2},"f":{"0":6,"1":4,"2":4,"3":4},"b":{"0":[6,2],"1":[1,3],"2":[1,2]},"_coverageSchema":"43e27e138ebf9cfc5966b082cf9a028302ed4184","hash":"efe4071181af5baf58da5059a22b30eb90777662"}
,"/home/adam/github/nhsd/NHSBuyingCatalogue/beta-private/frontend/lib/catalogue-antivirus/providers/DisabledAVProvider.js": {"path":"/home/adam/github/nhsd/NHSBuyingCatalogue/beta-private/frontend/lib/catalogue-antivirus/providers/DisabledAVProvider.js","statementMap":{"0":{"start":{"line":1,"column":26},"end":{"line":1,"column":56}},"1":{"start":{"line":5,"column":4},"end":{"line":5,"column":54}},"2":{"start":{"line":6,"column":4},"end":{"line":6,"column":11}},"3":{"start":{"line":10,"column":4},"end":{"line":12,"column":6}},"4":{"start":{"line":11,"column":6},"end":{"line":11,"column":22}},"5":{"start":{"line":16,"column":0},"end":{"line":16,"column":35}}},"fnMap":{"0":{"name":"(anonymous_0)","decl":{"start":{"line":4,"column":2},"end":{"line":4,"column":3}},"loc":{"start":{"line":4,"column":17},"end":{"line":7,"column":3}},"line":4},"1":{"name":"(anonymous_1)","decl":{"start":{"line":9,"column":2},"end":{"line":9,"column":3}},"loc":{"start":{"line":9,"column":24},"end":{"line":13,"column":3}},"line":9},"2":{"name":"(anonymous_2)","decl":{"start":{"line":10,"column":23},"end":{"line":10,"column":24}},"loc":{"start":{"line":10,"column":44},"end":{"line":12,"column":5}},"line":10}},"branchMap":{},"s":{"0":2,"1":2,"2":2,"3":1,"4":1,"5":2},"f":{"0":2,"1":1,"2":1},"b":{},"_coverageSchema":"43e27e138ebf9cfc5966b082cf9a028302ed4184","hash":"aaab56d01a47e694f3fb29f95603c8eab53ca26b"}
,"/home/adam/github/nhsd/NHSBuyingCatalogue/beta-private/frontend/lib/catalogue-data/index.js": {"path":"/home/adam/github/nhsd/NHSBuyingCatalogue/beta-private/frontend/lib/catalogue-data/index.js","statementMap":{"0":{"start":{"line":1,"column":10},"end":{"line":1,"column":27}},"1":{"start":{"line":3,"column":36},"end":{"line":11,"column":1}},"2":{"start":{"line":13,"column":36},"end":{"line":23,"column":1}},"3":{"start":{"line":25,"column":19},"end":{"line":25,"column":57}},"4":{"start":{"line":28,"column":21},"end":{"line":28,"column":45}},"5":{"start":{"line":29,"column":25},"end":{"line":31,"column":23}},"6":{"start":{"line":34,"column":18},"end":{"line":38,"column":2}},"7":{"start":{"line":41,"column":26},"end":{"line":41,"column":74}},"8":{"start":{"line":42,"column":21},"end":{"line":47,"column":2}},"9":{"start":{"line":49,"column":28},"end":{"line":52,"column":1}},"10":{"start":{"line":55,"column":2},"end":{"line":57,"column":4}},"11":{"start":{"line":62,"column":4},"end":{"line":62,"column":36}},"12":{"start":{"line":63,"column":4},"end":{"line":63,"column":58}},"13":{"start":{"line":64,"column":4},"end":{"line":64,"column":54}},"14":{"start":{"line":65,"column":4},"end":{"line":65,"column":55}},"15":{"start":{"line":66,"column":4},"end":{"line":66,"column":59}},"16":{"start":{"line":67,"column":4},"end":{"line":67,"column":73}},"17":{"start":{"line":68,"column":4},"end":{"line":68,"column":86}},"18":{"start":{"line":70,"column":4},"end":{"line":70,"column":26}},"19":{"start":{"line":71,"column":4},"end":{"line":71,"column":53}},"20":{"start":{"line":72,"column":4},"end":{"line":72,"column":49}},"21":{"start":{"line":73,"column":4},"end":{"line":73,"column":54}},"22":{"start":{"line":74,"column":4},"end":{"line":74,"column":56}},"23":{"start":{"line":75,"column":4},"end":{"line":75,"column":63}},"24":{"start":{"line":76,"column":4},"end":{"line":76,"column":63}},"25":{"start":{"line":80,"column":4},"end":{"line":80,"column":61}},"26":{"start":{"line":84,"column":20},"end":{"line":84,"column":78}},"27":{"start":{"line":85,"column":4},"end":{"line":85,"column":53}},"28":{"start":{"line":85,"column":18},"end":{"line":85,"column":53}},"29":{"start":{"line":87,"column":16},"end":{"line":87,"column":86}},"30":{"start":{"line":88,"column":4},"end":{"line":88,"column":66}},"31":{"start":{"line":88,"column":14},"end":{"line":88,"column":66}},"32":{"start":{"line":91,"column":4},"end":{"line":91,"column":49}},"33":{"start":{"line":93,"column":4},"end":{"line":93,"column":27}},"34":{"start":{"line":97,"column":21},"end":{"line":97,"column":115}},"35":{"start":{"line":98,"column":4},"end":{"line":98,"column":25}},"36":{"start":{"line":102,"column":4},"end":{"line":104,"column":6}},"37":{"start":{"line":107,"column":76},"end":{"line":107,"column":77}},"38":{"start":{"line":108,"column":19},"end":{"line":108,"column":47}},"39":{"start":{"line":108,"column":29},"end":{"line":108,"column":47}},"40":{"start":{"line":109,"column":25},"end":{"line":109,"column":53}},"41":{"start":{"line":109,"column":35},"end":{"line":109,"column":53}},"42":{"start":{"line":111,"column":25},"end":{"line":115,"column":6}},"43":{"start":{"line":111,"column":36},"end":{"line":115,"column":5}},"44":{"start":{"line":117,"column":27},"end":{"line":117,"column":76}},"45":{"start":{"line":119,"column":20},"end":{"line":119,"column":76}},"46":{"start":{"line":121,"column":32},"end":{"line":123,"column":24}},"47":{"start":{"line":125,"column":26},"end":{"line":127,"column":24}},"48":{"start":{"line":129,"column":4},"end":{"line":132,"column":5}},"49":{"start":{"line":136,"column":20},"end":{"line":145,"column":5}},"50":{"start":{"line":147,"column":24},"end":{"line":147,"column":73}},"51":{"start":{"line":148,"column":4},"end":{"line":148,"column":55}},"52":{"start":{"line":152,"column":23},"end":{"line":152,"column":109}},"53":{"start":{"line":154,"column":4},"end":{"line":163,"column":5}},"54":{"start":{"line":160,"column":8},"end":{"line":160,"column":68}},"55":{"start":{"line":167,"column":19},"end":{"line":167,"column":106}},"56":{"start":{"line":170,"column":4},"end":{"line":170,"column":89}},"57":{"start":{"line":171,"column":4},"end":{"line":171,"column":52}},"58":{"start":{"line":174,"column":4},"end":{"line":177,"column":6}},"59":{"start":{"line":175,"column":6},"end":{"line":176,"column":63}},"60":{"start":{"line":179,"column":4},"end":{"line":179,"column":47}},"61":{"start":{"line":183,"column":4},"end":{"line":188,"column":6}},"62":{"start":{"line":184,"column":6},"end":{"line":184,"column":39}},"63":{"start":{"line":185,"column":6},"end":{"line":187,"column":7}},"64":{"start":{"line":186,"column":8},"end":{"line":186,"column":56}},"65":{"start":{"line":193,"column":4},"end":{"line":195,"column":5}},"66":{"start":{"line":194,"column":12},"end":{"line":194,"column":64}},"67":{"start":{"line":196,"column":4},"end":{"line":198,"column":5}},"68":{"start":{"line":197,"column":13},"end":{"line":197,"column":77}},"69":{"start":{"line":199,"column":4},"end":{"line":201,"column":5}},"70":{"start":{"line":200,"column":12},"end":{"line":200,"column":62}},"71":{"start":{"line":202,"column":4},"end":{"line":204,"column":5}},"72":{"start":{"line":203,"column":13},"end":{"line":203,"column":75}},"73":{"start":{"line":206,"column":4},"end":{"line":206,"column":74}},"74":{"start":{"line":207,"column":4},"end":{"line":207,"column":52}},"75":{"start":{"line":216,"column":21},"end":{"line":218,"column":6}},"76":{"start":{"line":220,"column":4},"end":{"line":222,"column":86}},"77":{"start":{"line":221,"column":22},"end":{"line":221,"column":61}},"78":{"start":{"line":222,"column":21},"end":{"line":222,"column":85}},"79":{"start":{"line":226,"column":4},"end":{"line":258,"column":6}},"80":{"start":{"line":230,"column":10},"end":{"line":230,"column":78}},"81":{"start":{"line":232,"column":24},"end":{"line":235,"column":7}},"82":{"start":{"line":233,"column":31},"end":{"line":233,"column":60}},"83":{"start":{"line":236,"column":6},"end":{"line":257,"column":7}},"84":{"start":{"line":239,"column":28},"end":{"line":242,"column":14}},"85":{"start":{"line":240,"column":14},"end":{"line":240,"column":69}},"86":{"start":{"line":240,"column":30},"end":{"line":240,"column":69}},"87":{"start":{"line":241,"column":14},"end":{"line":241,"column":61}},"88":{"start":{"line":243,"column":12},"end":{"line":252,"column":13}},"89":{"start":{"line":248,"column":44},"end":{"line":248,"column":61}},"90":{"start":{"line":251,"column":59},"end":{"line":251,"column":73}},"91":{"start":{"line":262,"column":23},"end":{"line":262,"column":109}},"92":{"start":{"line":263,"column":29},"end":{"line":263,"column":60}},"93":{"start":{"line":265,"column":21},"end":{"line":274,"column":5}},"94":{"start":{"line":272,"column":8},"end":{"line":272,"column":68}},"95":{"start":{"line":276,"column":24},"end":{"line":282,"column":6}},"96":{"start":{"line":277,"column":17},"end":{"line":277,"column":28}},"97":{"start":{"line":278,"column":6},"end":{"line":281,"column":7}},"98":{"start":{"line":280,"column":69},"end":{"line":280,"column":90}},"99":{"start":{"line":284,"column":4},"end":{"line":290,"column":6}},"100":{"start":{"line":285,"column":6},"end":{"line":289,"column":7}},"101":{"start":{"line":288,"column":51},"end":{"line":288,"column":78}},"102":{"start":{"line":292,"column":4},"end":{"line":292,"column":19}},"103":{"start":{"line":296,"column":21},"end":{"line":296,"column":67}},"104":{"start":{"line":298,"column":4},"end":{"line":298,"column":80}},"105":{"start":{"line":299,"column":4},"end":{"line":299,"column":61}},"106":{"start":{"line":300,"column":4},"end":{"line":300,"column":58}},"107":{"start":{"line":302,"column":24},"end":{"line":302,"column":82}},"108":{"start":{"line":303,"column":4},"end":{"line":303,"column":66}},"109":{"start":{"line":306,"column":4},"end":{"line":314,"column":6}},"110":{"start":{"line":307,"column":27},"end":{"line":307,"column":95}},"111":{"start":{"line":309,"column":6},"end":{"line":313,"column":8}},"112":{"start":{"line":316,"column":4},"end":{"line":316,"column":19}},"113":{"start":{"line":320,"column":19},"end":{"line":320,"column":106}},"114":{"start":{"line":322,"column":4},"end":{"line":324,"column":5}},"115":{"start":{"line":323,"column":13},"end":{"line":323,"column":81}},"116":{"start":{"line":325,"column":4},"end":{"line":325,"column":54}},"117":{"start":{"line":326,"column":4},"end":{"line":326,"column":51}},"118":{"start":{"line":328,"column":4},"end":{"line":328,"column":74}},"119":{"start":{"line":329,"column":4},"end":{"line":329,"column":50}},"120":{"start":{"line":333,"column":19},"end":{"line":333,"column":105}},"121":{"start":{"line":334,"column":4},"end":{"line":334,"column":88}},"122":{"start":{"line":335,"column":4},"end":{"line":335,"column":74}},"123":{"start":{"line":336,"column":4},"end":{"line":336,"column":49}},"124":{"start":{"line":340,"column":19},"end":{"line":340,"column":105}},"125":{"start":{"line":343,"column":4},"end":{"line":343,"column":93}},"126":{"start":{"line":343,"column":70},"end":{"line":343,"column":91}},"127":{"start":{"line":346,"column":4},"end":{"line":346,"column":69}},"128":{"start":{"line":347,"column":4},"end":{"line":347,"column":74}},"129":{"start":{"line":349,"column":25},"end":{"line":349,"column":111}},"130":{"start":{"line":350,"column":4},"end":{"line":350,"column":74}},"131":{"start":{"line":351,"column":4},"end":{"line":351,"column":88}},"132":{"start":{"line":353,"column":4},"end":{"line":353,"column":49}},"133":{"start":{"line":362,"column":4},"end":{"line":362,"column":14}},"134":{"start":{"line":366,"column":4},"end":{"line":366,"column":14}},"135":{"start":{"line":370,"column":4},"end":{"line":370,"column":14}},"136":{"start":{"line":378,"column":4},"end":{"line":378,"column":35}},"137":{"start":{"line":379,"column":4},"end":{"line":379,"column":97}},"138":{"start":{"line":380,"column":4},"end":{"line":383,"column":6}},"139":{"start":{"line":388,"column":4},"end":{"line":388,"column":83}},"140":{"start":{"line":392,"column":0},"end":{"line":396,"column":1}}},"fnMap":{"0":{"name":"contactWithDisplayName","decl":{"start":{"line":54,"column":9},"end":{"line":54,"column":31}},"loc":{"start":{"line":54,"column":42},"end":{"line":58,"column":1}},"line":54},"1":{"name":"(anonymous_1)","decl":{"start":{"line":61,"column":2},"end":{"line":61,"column":3}},"loc":{"start":{"line":61,"column":29},"end":{"line":77,"column":3}},"line":61},"2":{"name":"(anonymous_2)","decl":{"start":{"line":79,"column":2},"end":{"line":79,"column":3}},"loc":{"start":{"line":79,"column":32},"end":{"line":81,"column":3}},"line":79},"3":{"name":"(anonymous_3)","decl":{"start":{"line":83,"column":2},"end":{"line":83,"column":3}},"loc":{"start":{"line":83,"column":31},"end":{"line":94,"column":3}},"line":83},"4":{"name":"(anonymous_4)","decl":{"start":{"line":96,"column":2},"end":{"line":96,"column":3}},"loc":{"start":{"line":96,"column":30},"end":{"line":99,"column":3}},"line":96},"5":{"name":"(anonymous_5)","decl":{"start":{"line":101,"column":2},"end":{"line":101,"column":3}},"loc":{"start":{"line":101,"column":34},"end":{"line":105,"column":3}},"line":101},"6":{"name":"(anonymous_6)","decl":{"start":{"line":107,"column":2},"end":{"line":107,"column":3}},"loc":{"start":{"line":107,"column":79},"end":{"line":133,"column":3}},"line":107},"7":{"name":"(anonymous_7)","decl":{"start":{"line":107,"column":71},"end":{"line":107,"column":72}},"loc":{"start":{"line":107,"column":76},"end":{"line":107,"column":77}},"line":107},"8":{"name":"(anonymous_8)","decl":{"start":{"line":108,"column":19},"end":{"line":108,"column":20}},"loc":{"start":{"line":108,"column":29},"end":{"line":108,"column":47}},"line":108},"9":{"name":"(anonymous_9)","decl":{"start":{"line":109,"column":25},"end":{"line":109,"column":26}},"loc":{"start":{"line":109,"column":35},"end":{"line":109,"column":53}},"line":109},"10":{"name":"(anonymous_10)","decl":{"start":{"line":111,"column":25},"end":{"line":111,"column":26}},"loc":{"start":{"line":111,"column":36},"end":{"line":115,"column":5}},"line":111},"11":{"name":"(anonymous_11)","decl":{"start":{"line":135,"column":2},"end":{"line":135,"column":3}},"loc":{"start":{"line":135,"column":55},"end":{"line":149,"column":3}},"line":135},"12":{"name":"(anonymous_12)","decl":{"start":{"line":151,"column":2},"end":{"line":151,"column":3}},"loc":{"start":{"line":151,"column":45},"end":{"line":164,"column":3}},"line":151},"13":{"name":"(anonymous_13)","decl":{"start":{"line":158,"column":55},"end":{"line":158,"column":56}},"loc":{"start":{"line":158,"column":60},"end":{"line":161,"column":7}},"line":158},"14":{"name":"(anonymous_14)","decl":{"start":{"line":166,"column":2},"end":{"line":166,"column":3}},"loc":{"start":{"line":166,"column":49},"end":{"line":208,"column":3}},"line":166},"15":{"name":"(anonymous_15)","decl":{"start":{"line":174,"column":55},"end":{"line":174,"column":56}},"loc":{"start":{"line":175,"column":6},"end":{"line":176,"column":63}},"line":175},"16":{"name":"(anonymous_16)","decl":{"start":{"line":183,"column":36},"end":{"line":183,"column":37}},"loc":{"start":{"line":183,"column":41},"end":{"line":188,"column":5}},"line":183},"17":{"name":"(anonymous_17)","decl":{"start":{"line":194,"column":6},"end":{"line":194,"column":7}},"loc":{"start":{"line":194,"column":12},"end":{"line":194,"column":64}},"line":194},"18":{"name":"(anonymous_18)","decl":{"start":{"line":197,"column":6},"end":{"line":197,"column":7}},"loc":{"start":{"line":197,"column":13},"end":{"line":197,"column":77}},"line":197},"19":{"name":"(anonymous_19)","decl":{"start":{"line":200,"column":6},"end":{"line":200,"column":7}},"loc":{"start":{"line":200,"column":12},"end":{"line":200,"column":62}},"line":200},"20":{"name":"(anonymous_20)","decl":{"start":{"line":203,"column":6},"end":{"line":203,"column":7}},"loc":{"start":{"line":203,"column":13},"end":{"line":203,"column":75}},"line":203},"21":{"name":"(anonymous_21)","decl":{"start":{"line":215,"column":2},"end":{"line":215,"column":3}},"loc":{"start":{"line":215,"column":46},"end":{"line":223,"column":3}},"line":215},"22":{"name":"(anonymous_22)","decl":{"start":{"line":221,"column":14},"end":{"line":221,"column":15}},"loc":{"start":{"line":221,"column":22},"end":{"line":221,"column":61}},"line":221},"23":{"name":"(anonymous_23)","decl":{"start":{"line":222,"column":13},"end":{"line":222,"column":14}},"loc":{"start":{"line":222,"column":21},"end":{"line":222,"column":85}},"line":222},"24":{"name":"(anonymous_24)","decl":{"start":{"line":225,"column":2},"end":{"line":225,"column":3}},"loc":{"start":{"line":225,"column":30},"end":{"line":259,"column":3}},"line":225},"25":{"name":"(anonymous_25)","decl":{"start":{"line":226,"column":48},"end":{"line":226,"column":49}},"loc":{"start":{"line":226,"column":60},"end":{"line":258,"column":5}},"line":226},"26":{"name":"(anonymous_26)","decl":{"start":{"line":233,"column":21},"end":{"line":233,"column":22}},"loc":{"start":{"line":233,"column":31},"end":{"line":233,"column":60}},"line":233},"27":{"name":"(anonymous_27)","decl":{"start":{"line":238,"column":15},"end":{"line":238,"column":16}},"loc":{"start":{"line":238,"column":53},"end":{"line":253,"column":11}},"line":238},"28":{"name":"(anonymous_28)","decl":{"start":{"line":239,"column":52},"end":{"line":239,"column":53}},"loc":{"start":{"line":239,"column":84},"end":{"line":242,"column":13}},"line":239},"29":{"name":"(anonymous_29)","decl":{"start":{"line":248,"column":37},"end":{"line":248,"column":38}},"loc":{"start":{"line":248,"column":44},"end":{"line":248,"column":61}},"line":248},"30":{"name":"(anonymous_30)","decl":{"start":{"line":251,"column":50},"end":{"line":251,"column":51}},"loc":{"start":{"line":251,"column":59},"end":{"line":251,"column":73}},"line":251},"31":{"name":"(anonymous_31)","decl":{"start":{"line":261,"column":2},"end":{"line":261,"column":3}},"loc":{"start":{"line":261,"column":43},"end":{"line":293,"column":3}},"line":261},"32":{"name":"(anonymous_32)","decl":{"start":{"line":271,"column":55},"end":{"line":271,"column":56}},"loc":{"start":{"line":271,"column":60},"end":{"line":273,"column":7}},"line":271},"33":{"name":"(anonymous_33)","decl":{"start":{"line":276,"column":68},"end":{"line":276,"column":69}},"loc":{"start":{"line":276,"column":82},"end":{"line":282,"column":5}},"line":276},"34":{"name":"(anonymous_34)","decl":{"start":{"line":280,"column":60},"end":{"line":280,"column":61}},"loc":{"start":{"line":280,"column":69},"end":{"line":280,"column":90}},"line":280},"35":{"name":"(anonymous_35)","decl":{"start":{"line":284,"column":57},"end":{"line":284,"column":58}},"loc":{"start":{"line":284,"column":66},"end":{"line":290,"column":5}},"line":284},"36":{"name":"(anonymous_36)","decl":{"start":{"line":288,"column":37},"end":{"line":288,"column":38}},"loc":{"start":{"line":288,"column":51},"end":{"line":288,"column":78}},"line":288},"37":{"name":"(anonymous_37)","decl":{"start":{"line":295,"column":2},"end":{"line":295,"column":3}},"loc":{"start":{"line":295,"column":43},"end":{"line":317,"column":3}},"line":295},"38":{"name":"(anonymous_38)","decl":{"start":{"line":306,"column":31},"end":{"line":306,"column":32}},"loc":{"start":{"line":306,"column":38},"end":{"line":314,"column":5}},"line":306},"39":{"name":"(anonymous_39)","decl":{"start":{"line":319,"column":2},"end":{"line":319,"column":3}},"loc":{"start":{"line":319,"column":47},"end":{"line":330,"column":3}},"line":319},"40":{"name":"(anonymous_40)","decl":{"start":{"line":323,"column":6},"end":{"line":323,"column":7}},"loc":{"start":{"line":323,"column":13},"end":{"line":323,"column":81}},"line":323},"41":{"name":"(anonymous_41)","decl":{"start":{"line":332,"column":2},"end":{"line":332,"column":3}},"loc":{"start":{"line":332,"column":64},"end":{"line":337,"column":3}},"line":332},"42":{"name":"(anonymous_42)","decl":{"start":{"line":339,"column":2},"end":{"line":339,"column":3}},"loc":{"start":{"line":339,"column":59},"end":{"line":354,"column":3}},"line":339},"43":{"name":"(anonymous_43)","decl":{"start":{"line":343,"column":60},"end":{"line":343,"column":61}},"loc":{"start":{"line":343,"column":70},"end":{"line":343,"column":91}},"line":343},"44":{"name":"(anonymous_44)","decl":{"start":{"line":361,"column":2},"end":{"line":361,"column":3}},"loc":{"start":{"line":361,"column":38},"end":{"line":363,"column":3}},"line":361},"45":{"name":"(anonymous_45)","decl":{"start":{"line":365,"column":2},"end":{"line":365,"column":3}},"loc":{"start":{"line":365,"column":39},"end":{"line":367,"column":3}},"line":365},"46":{"name":"(anonymous_46)","decl":{"start":{"line":369,"column":2},"end":{"line":369,"column":3}},"loc":{"start":{"line":369,"column":29},"end":{"line":371,"column":3}},"line":369},"47":{"name":"(anonymous_47)","decl":{"start":{"line":377,"column":2},"end":{"line":377,"column":3}},"loc":{"start":{"line":377,"column":17},"end":{"line":384,"column":3}},"line":377},"48":{"name":"(anonymous_48)","decl":{"start":{"line":387,"column":2},"end":{"line":387,"column":3}},"loc":{"start":{"line":387,"column":33},"end":{"line":389,"column":3}},"line":387}},"branchMap":{"0":{"loc":{"start":{"line":29,"column":25},"end":{"line":31,"column":23}},"type":"cond-expr","locations":[{"start":{"line":30,"column":4},"end":{"line":30,"column":81}},{"start":{"line":31,"column":4},"end":{"line":31,"column":23}}],"line":29},"1":{"loc":{"start":{"line":85,"column":4},"end":{"line":85,"column":53}},"type":"if","locations":[{"start":{"line":85,"column":4},"end":{"line":85,"column":53}},{"start":{"line":85,"column":4},"end":{"line":85,"column":53}}],"line":85},"2":{"loc":{"start":{"line":88,"column":4},"end":{"line":88,"column":66}},"type":"if","locations":[{"start":{"line":88,"column":4},"end":{"line":88,"column":66}},{"start":{"line":88,"column":4},"end":{"line":88,"column":66}}],"line":88},"3":{"loc":{"start":{"line":107,"column":54},"end":{"line":107,"column":77}},"type":"default-arg","locations":[{"start":{"line":107,"column":71},"end":{"line":107,"column":77}}],"line":107},"4":{"loc":{"start":{"line":113,"column":34},"end":{"line":113,"column":74}},"type":"cond-expr","locations":[{"start":{"line":113,"column":49},"end":{"line":113,"column":69}},{"start":{"line":113,"column":72},"end":{"line":113,"column":74}}],"line":113},"5":{"loc":{"start":{"line":119,"column":20},"end":{"line":119,"column":76}},"type":"cond-expr","locations":[{"start":{"line":119,"column":52},"end":{"line":119,"column":71}},{"start":{"line":119,"column":74},"end":{"line":119,"column":76}}],"line":119},"6":{"loc":{"start":{"line":160,"column":15},"end":{"line":160,"column":68}},"type":"cond-expr","locations":[{"start":{"line":160,"column":50},"end":{"line":160,"column":52}},{"start":{"line":160,"column":55},"end":{"line":160,"column":68}}],"line":160},"7":{"loc":{"start":{"line":175,"column":6},"end":{"line":176,"column":63}},"type":"binary-expr","locations":[{"start":{"line":175,"column":6},"end":{"line":175,"column":68}},{"start":{"line":176,"column":6},"end":{"line":176,"column":63}}],"line":175},"8":{"loc":{"start":{"line":185,"column":6},"end":{"line":187,"column":7}},"type":"if","locations":[{"start":{"line":185,"column":6},"end":{"line":187,"column":7}},{"start":{"line":185,"column":6},"end":{"line":187,"column":7}}],"line":185},"9":{"loc":{"start":{"line":221,"column":22},"end":{"line":221,"column":61}},"type":"binary-expr","locations":[{"start":{"line":221,"column":22},"end":{"line":221,"column":34}},{"start":{"line":221,"column":38},"end":{"line":221,"column":61}}],"line":221},"10":{"loc":{"start":{"line":222,"column":21},"end":{"line":222,"column":85}},"type":"binary-expr","locations":[{"start":{"line":222,"column":21},"end":{"line":222,"column":54}},{"start":{"line":222,"column":58},"end":{"line":222,"column":85}}],"line":222},"11":{"loc":{"start":{"line":240,"column":14},"end":{"line":240,"column":69}},"type":"if","locations":[{"start":{"line":240,"column":14},"end":{"line":240,"column":69}},{"start":{"line":240,"column":14},"end":{"line":240,"column":69}}],"line":240},"12":{"loc":{"start":{"line":272,"column":15},"end":{"line":272,"column":68}},"type":"cond-expr","locations":[{"start":{"line":272,"column":50},"end":{"line":272,"column":52}},{"start":{"line":272,"column":55},"end":{"line":272,"column":68}}],"line":272},"13":{"loc":{"start":{"line":307,"column":27},"end":{"line":307,"column":95}},"type":"binary-expr","locations":[{"start":{"line":307,"column":27},"end":{"line":307,"column":80}},{"start":{"line":307,"column":84},"end":{"line":307,"column":95}}],"line":307},"14":{"loc":{"start":{"line":312,"column":44},"end":{"line":312,"column":98}},"type":"cond-expr","locations":[{"start":{"line":312,"column":64},"end":{"line":312,"column":83}},{"start":{"line":312,"column":86},"end":{"line":312,"column":98}}],"line":312},"15":{"loc":{"start":{"line":379,"column":52},"end":{"line":379,"column":97}},"type":"binary-expr","locations":[{"start":{"line":379,"column":52},"end":{"line":379,"column":76}},{"start":{"line":379,"column":80},"end":{"line":379,"column":97}}],"line":379}},"s":{"0":6,"1":6,"2":6,"3":6,"4":6,"5":6,"6":6,"7":6,"8":6,"9":6,"10":12,"11":22,"12":22,"13":22,"14":22,"15":22,"16":22,"17":22,"18":22,"19":22,"20":22,"21":22,"22":22,"23":22,"24":22,"25":0,"26":4,"27":4,"28":1,"29":3,"30":3,"31":1,"32":2,"33":2,"34":1,"35":1,"36":4,"37":18,"38":4,"39":27,"40":4,"41":27,"42":4,"43":27,"44":4,"45":4,"46":4,"47":4,"48":4,"49":0,"50":0,"51":0,"52":6,"53":6,"54":12,"55":4,"56":4,"57":4,"58":4,"59":5,"60":4,"61":4,"62":6,"63":6,"64":1,"65":4,"66":8,"67":4,"68":8,"69":4,"70":8,"71":4,"72":8,"73":4,"74":4,"75":7,"76":7,"77":14,"78":10,"79":1,"80":1,"81":1,"82":50,"83":1,"84":18,"85":228,"86":18,"87":228,"88":18,"89":228,"90":43,"91":0,"92":0,"93":0,"94":0,"95":0,"96":0,"97":0,"98":0,"99":0,"100":0,"101":0,"102":0,"103":1,"104":1,"105":1,"106":1,"107":1,"108":1,"109":1,"110":6,"111":6,"112":1,"113":0,"114":0,"115":0,"116":0,"117":0,"118":0,"119":0,"120":0,"121":0,"122":0,"123":0,"124":0,"125":0,"126":0,"127":0,"128":0,"129":0,"130":0,"131":0,"132":0,"133":0,"134":0,"135":0,"136":6,"137":6,"138":6,"139":0,"140":6},"f":{"0":12,"1":22,"2":0,"3":4,"4":1,"5":4,"6":4,"7":18,"8":27,"9":27,"10":27,"11":0,"12":6,"13":12,"14":4,"15":5,"16":6,"17":8,"18":8,"19":8,"20":8,"21":7,"22":14,"23":10,"24":1,"25":1,"26":50,"27":18,"28":228,"29":228,"30":43,"31":0,"32":0,"33":0,"34":0,"35":0,"36":0,"37":1,"38":6,"39":0,"40":0,"41":0,"42":0,"43":0,"44":0,"45":0,"46":0,"47":6,"48":0},"b":{"0":[0,6],"1":[1,3],"2":[1,2],"3":[3],"4":[18,9],"5":[3,1],"6":[4,8],"7":[5,2],"8":[1,5],"9":[14,6],"10":[10,5],"11":[18,210],"12":[0,0],"13":[6,5],"14":[1,5],"15":[6,6]},"_coverageSchema":"43e27e138ebf9cfc5966b082cf9a028302ed4184","hash":"fd078e73d6c5e1c5619b5aa4fcc12668b3c4155c"}
,"/home/adam/github/nhsd/NHSBuyingCatalogue/beta-private/frontend/lib/catalogue-data/tests/fixtures.js": {"path":"/home/adam/github/nhsd/NHSBuyingCatalogue/beta-private/frontend/lib/catalogue-data/tests/fixtures.js","statementMap":{"0":{"start":{"line":3,"column":25},"end":{"line":3,"column":44}},"1":{"start":{"line":5,"column":0},"end":{"line":52,"column":1}},"2":{"start":{"line":11,"column":6},"end":{"line":11,"column":51}},"3":{"start":{"line":12,"column":6},"end":{"line":12,"column":67}},"4":{"start":{"line":13,"column":6},"end":{"line":13,"column":25}},"5":{"start":{"line":17,"column":6},"end":{"line":17,"column":62}},"6":{"start":{"line":18,"column":6},"end":{"line":18,"column":25}},"7":{"start":{"line":22,"column":6},"end":{"line":22,"column":68}},"8":{"start":{"line":23,"column":6},"end":{"line":23,"column":25}},"9":{"start":{"line":27,"column":6},"end":{"line":27,"column":71}},"10":{"start":{"line":28,"column":6},"end":{"line":28,"column":55}},"11":{"start":{"line":29,"column":6},"end":{"line":29,"column":79}},"12":{"start":{"line":30,"column":6},"end":{"line":30,"column":25}},"13":{"start":{"line":34,"column":6},"end":{"line":34,"column":56}},"14":{"start":{"line":35,"column":6},"end":{"line":35,"column":25}},"15":{"start":{"line":39,"column":6},"end":{"line":39,"column":76}},"16":{"start":{"line":40,"column":6},"end":{"line":40,"column":25}},"17":{"start":{"line":43,"column":4},"end":{"line":50,"column":6}}},"fnMap":{"0":{"name":"(anonymous_0)","decl":{"start":{"line":6,"column":11},"end":{"line":6,"column":12}},"loc":{"start":{"line":6,"column":23},"end":{"line":51,"column":3}},"line":6},"1":{"name":"MockApi","decl":{"start":{"line":7,"column":13},"end":{"line":7,"column":20}},"loc":{"start":{"line":7,"column":24},"end":{"line":8,"column":5}},"line":7},"2":{"name":"MockContactsApi","decl":{"start":{"line":10,"column":13},"end":{"line":10,"column":28}},"loc":{"start":{"line":10,"column":32},"end":{"line":14,"column":5}},"line":10},"3":{"name":"MockOrganisationsApi","decl":{"start":{"line":16,"column":13},"end":{"line":16,"column":33}},"loc":{"start":{"line":16,"column":37},"end":{"line":19,"column":5}},"line":16},"4":{"name":"MockSolutionsApi","decl":{"start":{"line":21,"column":13},"end":{"line":21,"column":29}},"loc":{"start":{"line":21,"column":33},"end":{"line":24,"column":5}},"line":21},"5":{"name":"MockSolutionsExApi","decl":{"start":{"line":26,"column":13},"end":{"line":26,"column":31}},"loc":{"start":{"line":26,"column":35},"end":{"line":31,"column":5}},"line":26},"6":{"name":"MockCapabilityMappingsApi","decl":{"start":{"line":33,"column":13},"end":{"line":33,"column":38}},"loc":{"start":{"line":33,"column":42},"end":{"line":36,"column":5}},"line":33},"7":{"name":"MockCapabilitiesImplementedEvidenceApi","decl":{"start":{"line":38,"column":13},"end":{"line":38,"column":51}},"loc":{"start":{"line":38,"column":55},"end":{"line":41,"column":5}},"line":38}},"branchMap":{},"s":{"0":6,"1":6,"2":16,"3":16,"4":16,"5":16,"6":16,"7":16,"8":16,"9":16,"10":16,"11":16,"12":16,"13":16,"14":16,"15":16,"16":16,"17":16},"f":{"0":16,"1":0,"2":16,"3":16,"4":16,"5":16,"6":16,"7":16},"b":{},"_coverageSchema":"43e27e138ebf9cfc5966b082cf9a028302ed4184","hash":"71392d4860469e402662a9bc0229e09892096dc5"}
,"/home/adam/github/nhsd/NHSBuyingCatalogue/beta-private/frontend/lib/catalogue-sharepoint/index.js": {"path":"/home/adam/github/nhsd/NHSBuyingCatalogue/beta-private/frontend/lib/catalogue-sharepoint/index.js","statementMap":{"0":{"start":{"line":2,"column":31},"end":{"line":2,"column":76}},"1":{"start":{"line":3,"column":31},"end":{"line":3,"column":76}},"2":{"start":{"line":5,"column":0},"end":{"line":10,"column":1}}},"fnMap":{},"branchMap":{"0":{"loc":{"start":{"line":6,"column":22},"end":{"line":8,"column":34}},"type":"cond-expr","locations":[{"start":{"line":7,"column":6},"end":{"line":7,"column":34}},{"start":{"line":8,"column":6},"end":{"line":8,"column":34}}],"line":6}},"s":{"0":1,"1":1,"2":1},"f":{},"b":{"0":[0,1]},"_coverageSchema":"43e27e138ebf9cfc5966b082cf9a028302ed4184","hash":"ff15d2d82790d78d78db40b7e9bff288f9028c48"}
,"/home/adam/github/nhsd/NHSBuyingCatalogue/beta-private/frontend/lib/catalogue-sharepoint/providers/RealSharePointProvider.js": {"path":"/home/adam/github/nhsd/NHSBuyingCatalogue/beta-private/frontend/lib/catalogue-sharepoint/providers/RealSharePointProvider.js","statementMap":{"0":{"start":{"line":1,"column":27},"end":{"line":1,"column":58}},"1":{"start":{"line":6,"column":4},"end":{"line":6,"column":35}},"2":{"start":{"line":7,"column":4},"end":{"line":7,"column":97}},"3":{"start":{"line":12,"column":4},"end":{"line":12,"column":83}},"4":{"start":{"line":16,"column":0},"end":{"line":16,"column":39}}},"fnMap":{"0":{"name":"(anonymous_0)","decl":{"start":{"line":5,"column":2},"end":{"line":5,"column":3}},"loc":{"start":{"line":5,"column":17},"end":{"line":8,"column":3}},"line":5},"1":{"name":"(anonymous_1)","decl":{"start":{"line":11,"column":2},"end":{"line":11,"column":3}},"loc":{"start":{"line":11,"column":33},"end":{"line":13,"column":3}},"line":11}},"branchMap":{"0":{"loc":{"start":{"line":7,"column":52},"end":{"line":7,"column":97}},"type":"binary-expr","locations":[{"start":{"line":7,"column":52},"end":{"line":7,"column":76}},{"start":{"line":7,"column":80},"end":{"line":7,"column":97}}],"line":7}},"s":{"0":1,"1":1,"2":1,"3":0,"4":1},"f":{"0":1,"1":0},"b":{"0":[1,1]},"_coverageSchema":"43e27e138ebf9cfc5966b082cf9a028302ed4184","hash":"98eb7dcd99ee82e68cb19e95146ad7f281814ff3"}
,"/home/adam/github/nhsd/NHSBuyingCatalogue/beta-private/frontend/lib/catalogue-sharepoint/providers/SharePointProvider.js": {"path":"/home/adam/github/nhsd/NHSBuyingCatalogue/beta-private/frontend/lib/catalogue-sharepoint/providers/SharePointProvider.js","statementMap":{"0":{"start":{"line":1,"column":14},"end":{"line":1,"column":35}},"1":{"start":{"line":2,"column":11},"end":{"line":2,"column":24}},"2":{"start":{"line":3,"column":13},"end":{"line":3,"column":28}},"3":{"start":{"line":4,"column":11},"end":{"line":4,"column":24}},"4":{"start":{"line":5,"column":22},"end":{"line":5,"column":52}},"5":{"start":{"line":6,"column":29},"end":{"line":6,"column":78}},"6":{"start":{"line":8,"column":12},"end":{"line":8,"column":30}},"7":{"start":{"line":9,"column":14},"end":{"line":9,"column":23}},"8":{"start":{"line":11,"column":23},"end":{"line":37,"column":1}},"9":{"start":{"line":39,"column":24},"end":{"line":66,"column":1}},"10":{"start":{"line":68,"column":30},"end":{"line":68,"column":60}},"11":{"start":{"line":72,"column":4},"end":{"line":72,"column":36}},"12":{"start":{"line":73,"column":4},"end":{"line":73,"column":85}},"13":{"start":{"line":74,"column":4},"end":{"line":74,"column":89}},"14":{"start":{"line":75,"column":4},"end":{"line":75,"column":82}},"15":{"start":{"line":76,"column":4},"end":{"line":76,"column":38}},"16":{"start":{"line":77,"column":4},"end":{"line":77,"column":31}},"17":{"start":{"line":79,"column":4},"end":{"line":79,"column":26}},"18":{"start":{"line":80,"column":4},"end":{"line":80,"column":47}},"19":{"start":{"line":81,"column":4},"end":{"line":81,"column":47}},"20":{"start":{"line":85,"column":4},"end":{"line":85,"column":25}},"21":{"start":{"line":89,"column":4},"end":{"line":89,"column":36}},"22":{"start":{"line":93,"column":4},"end":{"line":93,"column":26}},"23":{"start":{"line":97,"column":4},"end":{"line":97,"column":37}},"24":{"start":{"line":101,"column":20},"end":{"line":104,"column":5}},"25":{"start":{"line":106,"column":4},"end":{"line":109,"column":5}},"26":{"start":{"line":113,"column":20},"end":{"line":116,"column":5}},"27":{"start":{"line":117,"column":24},"end":{"line":120,"column":5}},"28":{"start":{"line":122,"column":21},"end":{"line":122,"column":23}},"29":{"start":{"line":123,"column":4},"end":{"line":125,"column":6}},"30":{"start":{"line":124,"column":6},"end":{"line":124,"column":78}},"31":{"start":{"line":124,"column":63},"end":{"line":124,"column":77}},"32":{"start":{"line":127,"column":4},"end":{"line":127,"column":19}},"33":{"start":{"line":131,"column":28},"end":{"line":131,"column":73}},"34":{"start":{"line":132,"column":26},"end":{"line":132,"column":79}},"35":{"start":{"line":132,"column":65},"end":{"line":132,"column":78}},"36":{"start":{"line":133,"column":4},"end":{"line":137,"column":5}},"37":{"start":{"line":141,"column":28},"end":{"line":141,"column":84}},"38":{"start":{"line":142,"column":26},"end":{"line":142,"column":80}},"39":{"start":{"line":142,"column":65},"end":{"line":142,"column":79}},"40":{"start":{"line":143,"column":4},"end":{"line":147,"column":5}},"41":{"start":{"line":151,"column":25},"end":{"line":151,"column":139}},"42":{"start":{"line":152,"column":26},"end":{"line":152,"column":58}},"43":{"start":{"line":153,"column":4},"end":{"line":153,"column":97}},"44":{"start":{"line":157,"column":20},"end":{"line":160,"column":5}},"45":{"start":{"line":162,"column":4},"end":{"line":165,"column":5}},"46":{"start":{"line":169,"column":20},"end":{"line":172,"column":5}},"47":{"start":{"line":174,"column":24},"end":{"line":177,"column":5}},"48":{"start":{"line":179,"column":21},"end":{"line":179,"column":23}},"49":{"start":{"line":180,"column":4},"end":{"line":182,"column":6}},"50":{"start":{"line":181,"column":6},"end":{"line":181,"column":78}},"51":{"start":{"line":181,"column":63},"end":{"line":181,"column":77}},"52":{"start":{"line":184,"column":4},"end":{"line":184,"column":19}},"53":{"start":{"line":188,"column":28},"end":{"line":188,"column":73}},"54":{"start":{"line":189,"column":26},"end":{"line":189,"column":79}},"55":{"start":{"line":189,"column":65},"end":{"line":189,"column":78}},"56":{"start":{"line":190,"column":4},"end":{"line":194,"column":5}},"57":{"start":{"line":198,"column":28},"end":{"line":198,"column":84}},"58":{"start":{"line":199,"column":26},"end":{"line":199,"column":80}},"59":{"start":{"line":199,"column":65},"end":{"line":199,"column":79}},"60":{"start":{"line":200,"column":4},"end":{"line":204,"column":5}},"61":{"start":{"line":208,"column":25},"end":{"line":208,"column":135}},"62":{"start":{"line":209,"column":26},"end":{"line":209,"column":58}},"63":{"start":{"line":210,"column":4},"end":{"line":210,"column":97}},"64":{"start":{"line":214,"column":16},"end":{"line":214,"column":53}},"65":{"start":{"line":215,"column":22},"end":{"line":215,"column":45}},"66":{"start":{"line":217,"column":4},"end":{"line":217,"column":51}},"67":{"start":{"line":217,"column":31},"end":{"line":217,"column":50}},"68":{"start":{"line":221,"column":16},"end":{"line":221,"column":53}},"69":{"start":{"line":222,"column":22},"end":{"line":222,"column":45}},"70":{"start":{"line":224,"column":4},"end":{"line":224,"column":51}},"71":{"start":{"line":224,"column":31},"end":{"line":224,"column":50}},"72":{"start":{"line":228,"column":24},"end":{"line":228,"column":60}},"73":{"start":{"line":229,"column":18},"end":{"line":229,"column":48}},"74":{"start":{"line":231,"column":4},"end":{"line":236,"column":6}},"75":{"start":{"line":232,"column":6},"end":{"line":235,"column":8}},"76":{"start":{"line":233,"column":8},"end":{"line":233,"column":35}},"77":{"start":{"line":233,"column":17},"end":{"line":233,"column":35}},"78":{"start":{"line":234,"column":8},"end":{"line":234,"column":30}},"79":{"start":{"line":240,"column":20},"end":{"line":242,"column":5}},"80":{"start":{"line":243,"column":21},"end":{"line":243,"column":67}},"81":{"start":{"line":244,"column":4},"end":{"line":244,"column":43}},"82":{"start":{"line":246,"column":4},"end":{"line":266,"column":5}},"83":{"start":{"line":247,"column":30},"end":{"line":247,"column":61}},"84":{"start":{"line":249,"column":6},"end":{"line":251,"column":7}},"85":{"start":{"line":250,"column":8},"end":{"line":250,"column":74}},"86":{"start":{"line":253,"column":26},"end":{"line":253,"column":55}},"87":{"start":{"line":255,"column":6},"end":{"line":258,"column":7}},"88":{"start":{"line":256,"column":8},"end":{"line":256,"column":39}},"89":{"start":{"line":257,"column":8},"end":{"line":257,"column":66}},"90":{"start":{"line":259,"column":25},"end":{"line":259,"column":60}},"91":{"start":{"line":260,"column":24},"end":{"line":260,"column":82}},"92":{"start":{"line":261,"column":6},"end":{"line":261,"column":37}},"93":{"start":{"line":262,"column":6},"end":{"line":262,"column":34}},"94":{"start":{"line":264,"column":6},"end":{"line":264,"column":37}},"95":{"start":{"line":265,"column":6},"end":{"line":265,"column":15}},"96":{"start":{"line":270,"column":19},"end":{"line":270,"column":54}},"97":{"start":{"line":271,"column":4},"end":{"line":271,"column":35}},"98":{"start":{"line":275,"column":24},"end":{"line":275,"column":60}},"99":{"start":{"line":276,"column":4},"end":{"line":281,"column":6}},"100":{"start":{"line":277,"column":6},"end":{"line":280,"column":8}},"101":{"start":{"line":278,"column":8},"end":{"line":278,"column":28}},"102":{"start":{"line":278,"column":17},"end":{"line":278,"column":28}},"103":{"start":{"line":279,"column":8},"end":{"line":279,"column":17}},"104":{"start":{"line":285,"column":24},"end":{"line":285,"column":60}},"105":{"start":{"line":286,"column":4},"end":{"line":286,"column":45}},"106":{"start":{"line":290,"column":24},"end":{"line":290,"column":60}},"107":{"start":{"line":292,"column":4},"end":{"line":297,"column":6}},"108":{"start":{"line":293,"column":6},"end":{"line":296,"column":8}},"109":{"start":{"line":294,"column":8},"end":{"line":294,"column":43}},"110":{"start":{"line":294,"column":21},"end":{"line":294,"column":43}},"111":{"start":{"line":295,"column":8},"end":{"line":295,"column":24}},"112":{"start":{"line":301,"column":23},"end":{"line":301,"column":83}},"113":{"start":{"line":302,"column":4},"end":{"line":302,"column":42}},"114":{"start":{"line":319,"column":20},"end":{"line":319,"column":120}},"115":{"start":{"line":320,"column":21},"end":{"line":320,"column":63}},"116":{"start":{"line":321,"column":20},"end":{"line":327,"column":5}},"117":{"start":{"line":328,"column":4},"end":{"line":328,"column":44}},"118":{"start":{"line":345,"column":20},"end":{"line":345,"column":124}},"119":{"start":{"line":346,"column":21},"end":{"line":346,"column":63}},"120":{"start":{"line":347,"column":20},"end":{"line":353,"column":5}},"121":{"start":{"line":354,"column":4},"end":{"line":354,"column":44}},"122":{"start":{"line":370,"column":4},"end":{"line":374,"column":5}},"123":{"start":{"line":371,"column":6},"end":{"line":371,"column":84}},"124":{"start":{"line":373,"column":6},"end":{"line":373,"column":15}},"125":{"start":{"line":377,"column":22},"end":{"line":377,"column":46}},"126":{"start":{"line":378,"column":22},"end":{"line":378,"column":38}},"127":{"start":{"line":379,"column":22},"end":{"line":379,"column":38}},"128":{"start":{"line":380,"column":24},"end":{"line":380,"column":41}},"129":{"start":{"line":381,"column":27},"end":{"line":381,"column":51}},"130":{"start":{"line":382,"column":26},"end":{"line":382,"column":56}},"131":{"start":{"line":383,"column":35},"end":{"line":383,"column":61}},"132":{"start":{"line":386,"column":0},"end":{"line":386,"column":35}}},"fnMap":{"0":{"name":"(anonymous_0)","decl":{"start":{"line":71,"column":2},"end":{"line":71,"column":3}},"loc":{"start":{"line":71,"column":54},"end":{"line":82,"column":3}},"line":71},"1":{"name":"(anonymous_1)","decl":{"start":{"line":84,"column":2},"end":{"line":84,"column":3}},"loc":{"start":{"line":84,"column":18},"end":{"line":86,"column":3}},"line":84},"2":{"name":"(anonymous_2)","decl":{"start":{"line":88,"column":2},"end":{"line":88,"column":3}},"loc":{"start":{"line":88,"column":24},"end":{"line":90,"column":3}},"line":88},"3":{"name":"(anonymous_3)","decl":{"start":{"line":92,"column":2},"end":{"line":92,"column":3}},"loc":{"start":{"line":92,"column":23},"end":{"line":94,"column":3}},"line":92},"4":{"name":"(anonymous_4)","decl":{"start":{"line":96,"column":2},"end":{"line":96,"column":3}},"loc":{"start":{"line":96,"column":34},"end":{"line":98,"column":3}},"line":96},"5":{"name":"(anonymous_5)","decl":{"start":{"line":100,"column":2},"end":{"line":100,"column":3}},"loc":{"start":{"line":100,"column":59},"end":{"line":110,"column":3}},"line":100},"6":{"name":"(anonymous_6)","decl":{"start":{"line":112,"column":2},"end":{"line":112,"column":3}},"loc":{"start":{"line":112,"column":77},"end":{"line":128,"column":3}},"line":112},"7":{"name":"(anonymous_7)","decl":{"start":{"line":123,"column":30},"end":{"line":123,"column":31}},"loc":{"start":{"line":123,"column":40},"end":{"line":125,"column":5}},"line":123},"8":{"name":"(anonymous_8)","decl":{"start":{"line":124,"column":53},"end":{"line":124,"column":54}},"loc":{"start":{"line":124,"column":63},"end":{"line":124,"column":77}},"line":124},"9":{"name":"(anonymous_9)","decl":{"start":{"line":130,"column":2},"end":{"line":130,"column":3}},"loc":{"start":{"line":130,"column":51},"end":{"line":138,"column":3}},"line":130},"10":{"name":"(anonymous_10)","decl":{"start":{"line":132,"column":55},"end":{"line":132,"column":56}},"loc":{"start":{"line":132,"column":65},"end":{"line":132,"column":78}},"line":132},"11":{"name":"(anonymous_11)","decl":{"start":{"line":140,"column":2},"end":{"line":140,"column":3}},"loc":{"start":{"line":140,"column":60},"end":{"line":148,"column":3}},"line":140},"12":{"name":"(anonymous_12)","decl":{"start":{"line":142,"column":55},"end":{"line":142,"column":56}},"loc":{"start":{"line":142,"column":65},"end":{"line":142,"column":79}},"line":142},"13":{"name":"(anonymous_13)","decl":{"start":{"line":150,"column":2},"end":{"line":150,"column":3}},"loc":{"start":{"line":150,"column":65},"end":{"line":154,"column":3}},"line":150},"14":{"name":"(anonymous_14)","decl":{"start":{"line":156,"column":2},"end":{"line":156,"column":3}},"loc":{"start":{"line":156,"column":59},"end":{"line":166,"column":3}},"line":156},"15":{"name":"(anonymous_15)","decl":{"start":{"line":168,"column":2},"end":{"line":168,"column":3}},"loc":{"start":{"line":168,"column":77},"end":{"line":185,"column":3}},"line":168},"16":{"name":"(anonymous_16)","decl":{"start":{"line":180,"column":30},"end":{"line":180,"column":31}},"loc":{"start":{"line":180,"column":40},"end":{"line":182,"column":5}},"line":180},"17":{"name":"(anonymous_17)","decl":{"start":{"line":181,"column":53},"end":{"line":181,"column":54}},"loc":{"start":{"line":181,"column":63},"end":{"line":181,"column":77}},"line":181},"18":{"name":"(anonymous_18)","decl":{"start":{"line":187,"column":2},"end":{"line":187,"column":3}},"loc":{"start":{"line":187,"column":51},"end":{"line":195,"column":3}},"line":187},"19":{"name":"(anonymous_19)","decl":{"start":{"line":189,"column":55},"end":{"line":189,"column":56}},"loc":{"start":{"line":189,"column":65},"end":{"line":189,"column":78}},"line":189},"20":{"name":"(anonymous_20)","decl":{"start":{"line":197,"column":2},"end":{"line":197,"column":3}},"loc":{"start":{"line":197,"column":60},"end":{"line":205,"column":3}},"line":197},"21":{"name":"(anonymous_21)","decl":{"start":{"line":199,"column":55},"end":{"line":199,"column":56}},"loc":{"start":{"line":199,"column":65},"end":{"line":199,"column":79}},"line":199},"22":{"name":"(anonymous_22)","decl":{"start":{"line":207,"column":2},"end":{"line":207,"column":3}},"loc":{"start":{"line":207,"column":65},"end":{"line":211,"column":3}},"line":207},"23":{"name":"(anonymous_23)","decl":{"start":{"line":213,"column":2},"end":{"line":213,"column":3}},"loc":{"start":{"line":213,"column":36},"end":{"line":218,"column":3}},"line":213},"24":{"name":"(anonymous_24)","decl":{"start":{"line":217,"column":21},"end":{"line":217,"column":22}},"loc":{"start":{"line":217,"column":31},"end":{"line":217,"column":50}},"line":217},"25":{"name":"(anonymous_25)","decl":{"start":{"line":220,"column":2},"end":{"line":220,"column":3}},"loc":{"start":{"line":220,"column":36},"end":{"line":225,"column":3}},"line":220},"26":{"name":"(anonymous_26)","decl":{"start":{"line":224,"column":21},"end":{"line":224,"column":22}},"loc":{"start":{"line":224,"column":31},"end":{"line":224,"column":50}},"line":224},"27":{"name":"(anonymous_27)","decl":{"start":{"line":227,"column":2},"end":{"line":227,"column":3}},"loc":{"start":{"line":227,"column":28},"end":{"line":237,"column":3}},"line":227},"28":{"name":"(anonymous_28)","decl":{"start":{"line":231,"column":23},"end":{"line":231,"column":24}},"loc":{"start":{"line":231,"column":44},"end":{"line":236,"column":5}},"line":231},"29":{"name":"(anonymous_29)","decl":{"start":{"line":232,"column":36},"end":{"line":232,"column":37}},"loc":{"start":{"line":232,"column":53},"end":{"line":235,"column":7}},"line":232},"30":{"name":"(anonymous_30)","decl":{"start":{"line":239,"column":2},"end":{"line":239,"column":3}},"loc":{"start":{"line":239,"column":93},"end":{"line":267,"column":3}},"line":239},"31":{"name":"(anonymous_31)","decl":{"start":{"line":269,"column":2},"end":{"line":269,"column":3}},"loc":{"start":{"line":269,"column":22},"end":{"line":272,"column":3}},"line":269},"32":{"name":"(anonymous_32)","decl":{"start":{"line":274,"column":2},"end":{"line":274,"column":3}},"loc":{"start":{"line":274,"column":38},"end":{"line":282,"column":3}},"line":274},"33":{"name":"(anonymous_33)","decl":{"start":{"line":276,"column":23},"end":{"line":276,"column":24}},"loc":{"start":{"line":276,"column":44},"end":{"line":281,"column":5}},"line":276},"34":{"name":"(anonymous_34)","decl":{"start":{"line":277,"column":42},"end":{"line":277,"column":43}},"loc":{"start":{"line":277,"column":51},"end":{"line":280,"column":7}},"line":277},"35":{"name":"(anonymous_35)","decl":{"start":{"line":284,"column":2},"end":{"line":284,"column":3}},"loc":{"start":{"line":284,"column":34},"end":{"line":287,"column":3}},"line":284},"36":{"name":"(anonymous_36)","decl":{"start":{"line":289,"column":2},"end":{"line":289,"column":3}},"loc":{"start":{"line":289,"column":30},"end":{"line":298,"column":3}},"line":289},"37":{"name":"(anonymous_37)","decl":{"start":{"line":292,"column":23},"end":{"line":292,"column":24}},"loc":{"start":{"line":292,"column":44},"end":{"line":297,"column":5}},"line":292},"38":{"name":"(anonymous_38)","decl":{"start":{"line":293,"column":42},"end":{"line":293,"column":43}},"loc":{"start":{"line":293,"column":55},"end":{"line":296,"column":7}},"line":293},"39":{"name":"(anonymous_39)","decl":{"start":{"line":300,"column":2},"end":{"line":300,"column":3}},"loc":{"start":{"line":300,"column":41},"end":{"line":303,"column":3}},"line":300},"40":{"name":"(anonymous_40)","decl":{"start":{"line":318,"column":2},"end":{"line":318,"column":3}},"loc":{"start":{"line":318,"column":46},"end":{"line":329,"column":3}},"line":318},"41":{"name":"(anonymous_41)","decl":{"start":{"line":344,"column":2},"end":{"line":344,"column":3}},"loc":{"start":{"line":344,"column":46},"end":{"line":355,"column":3}},"line":344},"42":{"name":"(anonymous_42)","decl":{"start":{"line":369,"column":2},"end":{"line":369,"column":3}},"loc":{"start":{"line":369,"column":20},"end":{"line":375,"column":3}},"line":369},"43":{"name":"(anonymous_43)","decl":{"start":{"line":377,"column":2},"end":{"line":377,"column":3}},"loc":{"start":{"line":377,"column":20},"end":{"line":377,"column":48}},"line":377},"44":{"name":"(anonymous_44)","decl":{"start":{"line":378,"column":2},"end":{"line":378,"column":3}},"loc":{"start":{"line":378,"column":20},"end":{"line":378,"column":40}},"line":378},"45":{"name":"(anonymous_45)","decl":{"start":{"line":379,"column":2},"end":{"line":379,"column":3}},"loc":{"start":{"line":379,"column":20},"end":{"line":379,"column":40}},"line":379},"46":{"name":"(anonymous_46)","decl":{"start":{"line":380,"column":2},"end":{"line":380,"column":3}},"loc":{"start":{"line":380,"column":22},"end":{"line":380,"column":43}},"line":380},"47":{"name":"(anonymous_47)","decl":{"start":{"line":381,"column":2},"end":{"line":381,"column":3}},"loc":{"start":{"line":381,"column":25},"end":{"line":381,"column":53}},"line":381},"48":{"name":"(anonymous_48)","decl":{"start":{"line":382,"column":2},"end":{"line":382,"column":3}},"loc":{"start":{"line":382,"column":24},"end":{"line":382,"column":58}},"line":382},"49":{"name":"(anonymous_49)","decl":{"start":{"line":383,"column":2},"end":{"line":383,"column":3}},"loc":{"start":{"line":383,"column":33},"end":{"line":383,"column":63}},"line":383}},"branchMap":{"0":{"loc":{"start":{"line":6,"column":29},"end":{"line":6,"column":78}},"type":"binary-expr","locations":[{"start":{"line":6,"column":29},"end":{"line":6,"column":63}},{"start":{"line":6,"column":67},"end":{"line":6,"column":78}}],"line":6},"1":{"loc":{"start":{"line":75,"column":35},"end":{"line":75,"column":82}},"type":"binary-expr","locations":[{"start":{"line":75,"column":35},"end":{"line":75,"column":58}},{"start":{"line":75,"column":62},"end":{"line":75,"column":82}}],"line":75},"2":{"loc":{"start":{"line":100,"column":44},"end":{"line":100,"column":57}},"type":"default-arg","locations":[{"start":{"line":100,"column":56},"end":{"line":100,"column":57}}],"line":100},"3":{"loc":{"start":{"line":112,"column":45},"end":{"line":112,"column":58}},"type":"default-arg","locations":[{"start":{"line":112,"column":57},"end":{"line":112,"column":58}}],"line":112},"4":{"loc":{"start":{"line":112,"column":60},"end":{"line":112,"column":75}},"type":"default-arg","locations":[{"start":{"line":112,"column":71},"end":{"line":112,"column":75}}],"line":112},"5":{"loc":{"start":{"line":156,"column":44},"end":{"line":156,"column":57}},"type":"default-arg","locations":[{"start":{"line":156,"column":56},"end":{"line":156,"column":57}}],"line":156},"6":{"loc":{"start":{"line":168,"column":45},"end":{"line":168,"column":58}},"type":"default-arg","locations":[{"start":{"line":168,"column":57},"end":{"line":168,"column":58}}],"line":168},"7":{"loc":{"start":{"line":168,"column":60},"end":{"line":168,"column":75}},"type":"default-arg","locations":[{"start":{"line":168,"column":71},"end":{"line":168,"column":75}}],"line":168},"8":{"loc":{"start":{"line":233,"column":8},"end":{"line":233,"column":35}},"type":"if","locations":[{"start":{"line":233,"column":8},"end":{"line":233,"column":35}},{"start":{"line":233,"column":8},"end":{"line":233,"column":35}}],"line":233},"9":{"loc":{"start":{"line":249,"column":6},"end":{"line":251,"column":7}},"type":"if","locations":[{"start":{"line":249,"column":6},"end":{"line":251,"column":7}},{"start":{"line":249,"column":6},"end":{"line":251,"column":7}}],"line":249},"10":{"loc":{"start":{"line":255,"column":6},"end":{"line":258,"column":7}},"type":"if","locations":[{"start":{"line":255,"column":6},"end":{"line":258,"column":7}},{"start":{"line":255,"column":6},"end":{"line":258,"column":7}}],"line":255},"11":{"loc":{"start":{"line":278,"column":8},"end":{"line":278,"column":28}},"type":"if","locations":[{"start":{"line":278,"column":8},"end":{"line":278,"column":28}},{"start":{"line":278,"column":8},"end":{"line":278,"column":28}}],"line":278},"12":{"loc":{"start":{"line":294,"column":8},"end":{"line":294,"column":43}},"type":"if","locations":[{"start":{"line":294,"column":8},"end":{"line":294,"column":43}},{"start":{"line":294,"column":8},"end":{"line":294,"column":43}}],"line":294},"13":{"loc":{"start":{"line":301,"column":23},"end":{"line":301,"column":83}},"type":"binary-expr","locations":[{"start":{"line":301,"column":23},"end":{"line":301,"column":27}},{"start":{"line":301,"column":31},"end":{"line":301,"column":59}},{"start":{"line":301,"column":63},"end":{"line":301,"column":83}}],"line":301}},"s":{"0":1,"1":1,"2":1,"3":1,"4":1,"5":1,"6":1,"7":1,"8":1,"9":1,"10":1,"11":2,"12":2,"13":2,"14":2,"15":2,"16":2,"17":2,"18":2,"19":2,"20":0,"21":0,"22":0,"23":0,"24":0,"25":0,"26":0,"27":0,"28":0,"29":0,"30":0,"31":0,"32":0,"33":0,"34":0,"35":0,"36":0,"37":0,"38":0,"39":0,"40":0,"41":3,"42":3,"43":3,"44":0,"45":0,"46":0,"47":0,"48":0,"49":0,"50":0,"51":0,"52":0,"53":0,"54":0,"55":0,"56":0,"57":0,"58":0,"59":0,"60":0,"61":3,"62":3,"63":3,"64":0,"65":0,"66":0,"67":0,"68":0,"69":0,"70":0,"71":0,"72":0,"73":0,"74":0,"75":0,"76":0,"77":0,"78":0,"79":9,"80":9,"81":9,"82":8,"83":8,"84":8,"85":0,"86":8,"87":7,"88":0,"89":0,"90":7,"91":7,"92":6,"93":5,"94":3,"95":2,"96":8,"97":7,"98":4,"99":4,"100":4,"101":2,"102":1,"103":2,"104":4,"105":2,"106":4,"107":4,"108":4,"109":2,"110":1,"111":1,"112":0,"113":0,"114":0,"115":0,"116":0,"117":0,"118":0,"119":0,"120":0,"121":0,"122":0,"123":0,"124":0,"125":0,"126":0,"127":0,"128":0,"129":0,"130":0,"131":0,"132":1},"f":{"0":2,"1":0,"2":0,"3":0,"4":0,"5":0,"6":0,"7":0,"8":0,"9":0,"10":0,"11":0,"12":0,"13":3,"14":0,"15":0,"16":0,"17":0,"18":0,"19":0,"20":0,"21":0,"22":3,"23":0,"24":0,"25":0,"26":0,"27":0,"28":0,"29":0,"30":9,"31":8,"32":4,"33":4,"34":2,"35":4,"36":4,"37":4,"38":2,"39":0,"40":0,"41":0,"42":0,"43":0,"44":0,"45":0,"46":0,"47":0,"48":0,"49":0},"b":{"0":[1,1],"1":[2,2],"2":[0],"3":[0],"4":[0],"5":[0],"6":[0],"7":[0],"8":[0,0],"9":[0,8],"10":[0,7],"11":[1,1],"12":[1,1],"13":[0,0,0]},"_coverageSchema":"43e27e138ebf9cfc5966b082cf9a028302ed4184","hash":"764782a16462d334322e4b5b5ad48fa4a61b174d"}
}
