TN:
SF:/home/adam/github/nhsd/NHSBuyingCatalogue/beta-private/frontend/lib/catalogue-antivirus/index.js
FNF:0
FNH:0
DA:2,1
DA:3,1
DA:5,1
LF:3
LH:3
BRDA:7,0,0,0
BRDA:7,0,1,1
BRDA:8,1,0,0
BRDA:8,1,1,1
BRF:4
BRH:2
end_of_record
TN:
SF:/home/adam/github/nhsd/NHSBuyingCatalogue/beta-private/frontend/lib/catalogue-antivirus/providers/AntivirusProvider.js
FN:3,(anonymous_0)
FNF:1
FNH:0
FNDA:0,(anonymous_0)
DA:6,3
LF:1
LH:1
BRF:0
BRH:0
end_of_record
TN:
SF:/home/adam/github/nhsd/NHSBuyingCatalogue/beta-private/frontend/lib/catalogue-antivirus/providers/ClamAVProvider.js
FN:4,(anonymous_0)
FN:10,(anonymous_1)
FN:11,(anonymous_2)
FN:12,(anonymous_3)
FNF:4
FNH:4
FNDA:6,(anonymous_0)
FNDA:4,(anonymous_1)
FNDA:4,(anonymous_2)
FNDA:4,(anonymous_3)
DA:1,2
DA:5,6
DA:6,6
DA:7,6
DA:11,4
DA:12,4
DA:13,4
DA:14,3
DA:15,2
DA:21,2
LF:10
LH:10
BRDA:6,0,0,6
BRDA:6,0,1,2
BRDA:13,1,0,1
BRDA:13,1,1,3
BRDA:14,2,0,1
BRDA:14,2,1,2
BRF:6
BRH:6
end_of_record
TN:
SF:/home/adam/github/nhsd/NHSBuyingCatalogue/beta-private/frontend/lib/catalogue-antivirus/providers/DisabledAVProvider.js
FN:4,(anonymous_0)
FN:9,(anonymous_1)
FN:10,(anonymous_2)
FNF:3
FNH:3
FNDA:2,(anonymous_0)
FNDA:1,(anonymous_1)
FNDA:1,(anonymous_2)
DA:1,2
DA:5,2
DA:6,2
DA:10,1
DA:11,1
DA:16,2
LF:6
LH:6
BRF:0
BRH:0
end_of_record
TN:
SF:/home/adam/github/nhsd/NHSBuyingCatalogue/beta-private/frontend/lib/catalogue-data/index.js
FN:54,contactWithDisplayName
FN:61,(anonymous_1)
FN:79,(anonymous_2)
FN:83,(anonymous_3)
FN:96,(anonymous_4)
FN:101,(anonymous_5)
FN:107,(anonymous_6)
FN:107,(anonymous_7)
FN:108,(anonymous_8)
FN:109,(anonymous_9)
FN:111,(anonymous_10)
FN:135,(anonymous_11)
FN:151,(anonymous_12)
FN:158,(anonymous_13)
FN:166,(anonymous_14)
FN:174,(anonymous_15)
FN:183,(anonymous_16)
FN:194,(anonymous_17)
FN:197,(anonymous_18)
FN:200,(anonymous_19)
FN:203,(anonymous_20)
FN:215,(anonymous_21)
FN:221,(anonymous_22)
FN:222,(anonymous_23)
FN:225,(anonymous_24)
FN:226,(anonymous_25)
FN:233,(anonymous_26)
FN:238,(anonymous_27)
FN:239,(anonymous_28)
FN:248,(anonymous_29)
FN:251,(anonymous_30)
FN:261,(anonymous_31)
FN:271,(anonymous_32)
FN:276,(anonymous_33)
FN:280,(anonymous_34)
FN:284,(anonymous_35)
FN:288,(anonymous_36)
FN:295,(anonymous_37)
FN:306,(anonymous_38)
FN:319,(anonymous_39)
FN:323,(anonymous_40)
FN:332,(anonymous_41)
FN:339,(anonymous_42)
FN:343,(anonymous_43)
FN:361,(anonymous_44)
FN:365,(anonymous_45)
FN:369,(anonymous_46)
FN:377,(anonymous_47)
FN:387,(anonymous_48)
FNF:49
FNH:32
FNDA:12,contactWithDisplayName
FNDA:22,(anonymous_1)
FNDA:0,(anonymous_2)
FNDA:4,(anonymous_3)
FNDA:1,(anonymous_4)
FNDA:4,(anonymous_5)
FNDA:4,(anonymous_6)
FNDA:18,(anonymous_7)
FNDA:27,(anonymous_8)
FNDA:27,(anonymous_9)
FNDA:27,(anonymous_10)
FNDA:0,(anonymous_11)
FNDA:6,(anonymous_12)
FNDA:12,(anonymous_13)
FNDA:4,(anonymous_14)
FNDA:5,(anonymous_15)
FNDA:6,(anonymous_16)
FNDA:8,(anonymous_17)
FNDA:8,(anonymous_18)
FNDA:8,(anonymous_19)
FNDA:8,(anonymous_20)
FNDA:7,(anonymous_21)
FNDA:14,(anonymous_22)
FNDA:10,(anonymous_23)
FNDA:1,(anonymous_24)
FNDA:1,(anonymous_25)
FNDA:50,(anonymous_26)
FNDA:18,(anonymous_27)
FNDA:228,(anonymous_28)
FNDA:228,(anonymous_29)
FNDA:43,(anonymous_30)
FNDA:0,(anonymous_31)
FNDA:0,(anonymous_32)
FNDA:0,(anonymous_33)
FNDA:0,(anonymous_34)
FNDA:0,(anonymous_35)
FNDA:0,(anonymous_36)
FNDA:1,(anonymous_37)
FNDA:6,(anonymous_38)
FNDA:0,(anonymous_39)
FNDA:0,(anonymous_40)
FNDA:0,(anonymous_41)
FNDA:0,(anonymous_42)
FNDA:0,(anonymous_43)
FNDA:0,(anonymous_44)
FNDA:0,(anonymous_45)
FNDA:0,(anonymous_46)
FNDA:6,(anonymous_47)
FNDA:0,(anonymous_48)
DA:1,6
DA:3,6
DA:13,6
DA:25,6
DA:28,6
DA:29,6
DA:34,6
DA:41,6
DA:42,6
DA:49,6
DA:55,12
DA:62,22
DA:63,22
DA:64,22
DA:65,22
DA:66,22
DA:67,22
DA:68,22
DA:70,22
DA:71,22
DA:72,22
DA:73,22
DA:74,22
DA:75,22
DA:76,22
DA:80,0
DA:84,4
DA:85,4
DA:87,3
DA:88,3
DA:91,2
DA:93,2
DA:97,1
DA:98,1
DA:102,4
DA:107,18
DA:108,27
DA:109,27
DA:111,27
DA:117,4
DA:119,4
DA:121,4
DA:125,4
DA:129,4
DA:136,0
DA:147,0
DA:148,0
DA:152,6
DA:154,6
DA:160,12
DA:167,4
DA:170,4
DA:171,4
DA:174,4
DA:175,5
DA:179,4
DA:183,4
DA:184,6
DA:185,6
DA:186,1
DA:193,4
DA:194,8
DA:196,4
DA:197,8
DA:199,4
DA:200,8
DA:202,4
DA:203,8
DA:206,4
DA:207,4
DA:216,7
DA:220,7
DA:221,14
DA:222,10
DA:226,1
DA:230,1
DA:232,1
DA:233,50
DA:236,1
DA:239,18
DA:240,228
DA:241,228
DA:243,18
DA:248,228
DA:251,43
DA:262,0
DA:263,0
DA:265,0
DA:272,0
DA:276,0
DA:277,0
DA:278,0
DA:280,0
DA:284,0
DA:285,0
DA:288,0
DA:292,0
DA:296,1
DA:298,1
DA:299,1
DA:300,1
DA:302,1
DA:303,1
DA:306,1
DA:307,6
DA:309,6
DA:316,1
DA:320,0
DA:322,0
DA:323,0
DA:325,0
DA:326,0
DA:328,0
DA:329,0
DA:333,0
DA:334,0
DA:335,0
DA:336,0
DA:340,0
DA:343,0
DA:346,0
DA:347,0
DA:349,0
DA:350,0
DA:351,0
DA:353,0
DA:362,0
DA:366,0
DA:370,0
DA:378,6
DA:379,6
DA:380,6
DA:388,0
DA:392,6
LF:134
LH:95
BRDA:29,0,0,0
BRDA:29,0,1,6
BRDA:85,1,0,1
BRDA:85,1,1,3
BRDA:88,2,0,1
BRDA:88,2,1,2
BRDA:107,3,0,3
BRDA:113,4,0,18
BRDA:113,4,1,9
BRDA:119,5,0,3
BRDA:119,5,1,1
BRDA:160,6,0,4
BRDA:160,6,1,8
BRDA:175,7,0,5
BRDA:175,7,1,2
BRDA:185,8,0,1
BRDA:185,8,1,5
BRDA:221,9,0,14
BRDA:221,9,1,6
BRDA:222,10,0,10
BRDA:222,10,1,5
BRDA:240,11,0,18
BRDA:240,11,1,210
BRDA:272,12,0,0
BRDA:272,12,1,0
BRDA:307,13,0,6
BRDA:307,13,1,5
BRDA:312,14,0,1
BRDA:312,14,1,5
BRDA:379,15,0,6
BRDA:379,15,1,6
BRF:31
BRH:28
end_of_record
TN:
SF:/home/adam/github/nhsd/NHSBuyingCatalogue/beta-private/frontend/lib/catalogue-data/tests/fixtures.js
FN:6,(anonymous_0)
FN:7,MockApi
FN:10,MockContactsApi
FN:16,MockOrganisationsApi
FN:21,MockSolutionsApi
FN:26,MockSolutionsExApi
FN:33,MockCapabilityMappingsApi
FN:38,MockCapabilitiesImplementedEvidenceApi
FNF:8
FNH:7
FNDA:16,(anonymous_0)
FNDA:0,MockApi
FNDA:16,MockContactsApi
FNDA:16,MockOrganisationsApi
FNDA:16,MockSolutionsApi
FNDA:16,MockSolutionsExApi
FNDA:16,MockCapabilityMappingsApi
FNDA:16,MockCapabilitiesImplementedEvidenceApi
DA:3,6
DA:5,6
DA:11,16
DA:12,16
DA:13,16
DA:17,16
DA:18,16
DA:22,16
DA:23,16
DA:27,16
DA:28,16
DA:29,16
DA:30,16
DA:34,16
DA:35,16
DA:39,16
DA:40,16
DA:43,16
LF:18
LH:18
BRF:0
BRH:0
end_of_record
TN:
SF:/home/adam/github/nhsd/NHSBuyingCatalogue/beta-private/frontend/lib/catalogue-sharepoint/index.js
FNF:0
FNH:0
DA:2,1
DA:3,1
DA:5,1
LF:3
LH:3
BRDA:6,0,0,0
BRDA:6,0,1,1
BRF:2
BRH:1
end_of_record
TN:
SF:/home/adam/github/nhsd/NHSBuyingCatalogue/beta-private/frontend/lib/catalogue-sharepoint/providers/RealSharePointProvider.js
FN:5,(anonymous_0)
FN:11,(anonymous_1)
FNF:2
FNH:1
FNDA:1,(anonymous_0)
FNDA:0,(anonymous_1)
DA:1,1
DA:6,1
DA:7,1
DA:12,0
DA:16,1
LF:5
LH:4
BRDA:7,0,0,1
BRDA:7,0,1,1
BRF:2
BRH:2
end_of_record
TN:
SF:/home/adam/github/nhsd/NHSBuyingCatalogue/beta-private/frontend/lib/catalogue-sharepoint/providers/SharePointProvider.js
FN:71,(anonymous_0)
FN:84,(anonymous_1)
FN:88,(anonymous_2)
FN:92,(anonymous_3)
FN:96,(anonymous_4)
FN:100,(anonymous_5)
FN:112,(anonymous_6)
FN:123,(anonymous_7)
FN:124,(anonymous_8)
FN:130,(anonymous_9)
FN:132,(anonymous_10)
FN:140,(anonymous_11)
FN:142,(anonymous_12)
FN:150,(anonymous_13)
FN:156,(anonymous_14)
FN:168,(anonymous_15)
FN:180,(anonymous_16)
FN:181,(anonymous_17)
FN:187,(anonymous_18)
FN:189,(anonymous_19)
FN:197,(anonymous_20)
FN:199,(anonymous_21)
FN:207,(anonymous_22)
FN:213,(anonymous_23)
FN:217,(anonymous_24)
FN:220,(anonymous_25)
FN:224,(anonymous_26)
FN:227,(anonymous_27)
FN:231,(anonymous_28)
FN:232,(anonymous_29)
FN:239,(anonymous_30)
FN:269,(anonymous_31)
FN:274,(anonymous_32)
FN:276,(anonymous_33)
FN:277,(anonymous_34)
FN:284,(anonymous_35)
FN:289,(anonymous_36)
FN:292,(anonymous_37)
FN:293,(anonymous_38)
FN:300,(anonymous_39)
FN:318,(anonymous_40)
FN:344,(anonymous_41)
FN:369,(anonymous_42)
FN:377,(anonymous_43)
FN:378,(anonymous_44)
FN:379,(anonymous_45)
FN:380,(anonymous_46)
FN:381,(anonymous_47)
FN:382,(anonymous_48)
FN:383,(anonymous_49)
FNF:50
FNH:12
FNDA:2,(anonymous_0)
FNDA:0,(anonymous_1)
FNDA:0,(anonymous_2)
FNDA:0,(anonymous_3)
FNDA:0,(anonymous_4)
FNDA:0,(anonymous_5)
FNDA:0,(anonymous_6)
FNDA:0,(anonymous_7)
FNDA:0,(anonymous_8)
FNDA:0,(anonymous_9)
FNDA:0,(anonymous_10)
FNDA:0,(anonymous_11)
FNDA:0,(anonymous_12)
FNDA:3,(anonymous_13)
FNDA:0,(anonymous_14)
FNDA:0,(anonymous_15)
FNDA:0,(anonymous_16)
FNDA:0,(anonymous_17)
FNDA:0,(anonymous_18)
FNDA:0,(anonymous_19)
FNDA:0,(anonymous_20)
FNDA:0,(anonymous_21)
FNDA:3,(anonymous_22)
FNDA:0,(anonymous_23)
FNDA:0,(anonymous_24)
FNDA:0,(anonymous_25)
FNDA:0,(anonymous_26)
FNDA:0,(anonymous_27)
FNDA:0,(anonymous_28)
FNDA:0,(anonymous_29)
FNDA:9,(anonymous_30)
FNDA:8,(anonymous_31)
FNDA:4,(anonymous_32)
FNDA:4,(anonymous_33)
FNDA:2,(anonymous_34)
FNDA:4,(anonymous_35)
FNDA:4,(anonymous_36)
FNDA:4,(anonymous_37)
FNDA:2,(anonymous_38)
FNDA:0,(anonymous_39)
FNDA:0,(anonymous_40)
FNDA:0,(anonymous_41)
FNDA:0,(anonymous_42)
FNDA:0,(anonymous_43)
FNDA:0,(anonymous_44)
FNDA:0,(anonymous_45)
FNDA:0,(anonymous_46)
FNDA:0,(anonymous_47)
FNDA:0,(anonymous_48)
FNDA:0,(anonymous_49)
DA:1,1
DA:2,1
DA:3,1
DA:4,1
DA:5,1
DA:6,1
DA:8,1
DA:9,1
DA:11,1
DA:39,1
DA:68,1
DA:72,2
DA:73,2
DA:74,2
DA:75,2
DA:76,2
DA:77,2
DA:79,2
DA:80,2
DA:81,2
DA:85,0
DA:89,0
DA:93,0
DA:97,0
DA:101,0
DA:106,0
DA:113,0
DA:117,0
DA:122,0
DA:123,0
DA:124,0
DA:127,0
DA:131,0
DA:132,0
DA:133,0
DA:141,0
DA:142,0
DA:143,0
DA:151,3
DA:152,3
DA:153,3
DA:157,0
DA:162,0
DA:169,0
DA:174,0
DA:179,0
DA:180,0
DA:181,0
DA:184,0
DA:188,0
DA:189,0
DA:190,0
DA:198,0
DA:199,0
DA:200,0
DA:208,3
DA:209,3
DA:210,3
DA:214,0
DA:215,0
DA:217,0
DA:221,0
DA:222,0
DA:224,0
DA:228,0
DA:229,0
DA:231,0
DA:232,0
DA:233,0
DA:234,0
DA:240,9
DA:243,9
DA:244,9
DA:246,8
DA:247,8
DA:249,8
DA:250,0
DA:253,8
DA:255,7
DA:256,0
DA:257,0
DA:259,7
DA:260,7
DA:261,6
DA:262,5
DA:264,3
DA:265,2
DA:270,8
DA:271,7
DA:275,4
DA:276,4
DA:277,4
DA:278,2
DA:279,2
DA:285,4
DA:286,2
DA:290,4
DA:292,4
DA:293,4
DA:294,2
DA:295,1
DA:301,0
DA:302,0
DA:319,0
DA:320,0
DA:321,0
DA:328,0
DA:345,0
DA:346,0
DA:347,0
DA:354,0
DA:370,0
DA:371,0
DA:373,0
DA:377,0
DA:378,0
DA:379,0
DA:380,0
DA:381,0
DA:382,0
DA:383,0
DA:386,1
LF:122
LH:55
BRDA:6,0,0,1
BRDA:6,0,1,1
BRDA:75,1,0,2
BRDA:75,1,1,2
BRDA:100,2,0,0
BRDA:112,3,0,0
BRDA:112,4,0,0
BRDA:156,5,0,0
BRDA:168,6,0,0
BRDA:168,7,0,0
BRDA:233,8,0,0
BRDA:233,8,1,0
BRDA:249,9,0,0
BRDA:249,9,1,8
BRDA:255,10,0,0
BRDA:255,10,1,7
BRDA:278,11,0,1
BRDA:278,11,1,1
BRDA:294,12,0,1
BRDA:294,12,1,1
BRDA:301,13,0,0
BRDA:301,13,1,0
BRDA:301,13,2,0
BRF:23
BRH:10
end_of_record
